[2020-09-07 01:00:10.742] [exthost] [info] extension host started
[2020-09-07 01:00:10.817] [exthost] [info] ExtensionService#_doActivateExtension vscode.github-authentication {"startup":false,"extensionId":{"value":"vscode.github-authentication","_lower":"vscode.github-authentication"},"activationEvent":"onAuthenticationRequest:github"}
[2020-09-07 01:00:10.818] [exthost] [info] ExtensionService#loadCommonJSModule file:///home/pervazgolrang/.vscode-server/bin/3dd905126b34dcd4de81fa624eb3a8cbe7485f13/extensions/github-authentication/dist/extension.js
[2020-09-07 01:00:10.842] [exthost] [info] ExtensionService#_doActivateExtension vscode.debug-auto-launch {"startup":true,"extensionId":{"value":"vscode.debug-auto-launch","_lower":"vscode.debug-auto-launch"},"activationEvent":"*"}
[2020-09-07 01:00:10.842] [exthost] [info] ExtensionService#loadCommonJSModule file:///home/pervazgolrang/.vscode-server/bin/3dd905126b34dcd4de81fa624eb3a8cbe7485f13/extensions/debug-auto-launch/dist/extension
[2020-09-07 01:00:10.845] [exthost] [info] ExtensionService#_doActivateExtension vscode.emmet {"startup":true,"extensionId":{"value":"vscode.emmet","_lower":"vscode.emmet"},"activationEvent":"*"}
[2020-09-07 01:00:10.846] [exthost] [info] ExtensionService#loadCommonJSModule file:///home/pervazgolrang/.vscode-server/bin/3dd905126b34dcd4de81fa624eb3a8cbe7485f13/extensions/emmet/dist/node/emmetNodeMain
[2020-09-07 01:00:10.873] [exthost] [info] ExtensionService#_doActivateExtension vscode.git {"startup":true,"extensionId":{"value":"vscode.github","_lower":"vscode.github"},"activationEvent":"*"}
[2020-09-07 01:00:10.873] [exthost] [info] ExtensionService#loadCommonJSModule file:///home/pervazgolrang/.vscode-server/bin/3dd905126b34dcd4de81fa624eb3a8cbe7485f13/extensions/git/dist/main
[2020-09-07 01:00:10.916] [exthost] [info] ExtensionService#_doActivateExtension vscode.merge-conflict {"startup":true,"extensionId":{"value":"vscode.merge-conflict","_lower":"vscode.merge-conflict"},"activationEvent":"*"}
[2020-09-07 01:00:10.916] [exthost] [info] ExtensionService#loadCommonJSModule file:///home/pervazgolrang/.vscode-server/bin/3dd905126b34dcd4de81fa624eb3a8cbe7485f13/extensions/merge-conflict/dist/mergeConflictMain
[2020-09-07 01:00:10.920] [exthost] [info] ExtensionService#_doActivateExtension vscode.search-result {"startup":true,"extensionId":{"value":"vscode.search-result","_lower":"vscode.search-result"},"activationEvent":"*"}
[2020-09-07 01:00:10.920] [exthost] [info] ExtensionService#loadCommonJSModule file:///home/pervazgolrang/.vscode-server/bin/3dd905126b34dcd4de81fa624eb3a8cbe7485f13/extensions/search-result/dist/extension.js
[2020-09-07 01:00:10.921] [exthost] [info] ExtensionService#_doActivateExtension ms-vscode.cpptools {"startup":true,"extensionId":{"value":"ms-vscode.cpptools","_lower":"ms-vscode.cpptools"},"activationEvent":"*"}
[2020-09-07 01:00:10.921] [exthost] [info] ExtensionService#loadCommonJSModule file:///home/pervazgolrang/.vscode-server/extensions/ms-vscode.cpptools-0.30.0-insiders4/dist/main
[2020-09-07 01:00:11.401] [exthost] [info] ExtensionService#_doActivateExtension vscode.github {"startup":true,"extensionId":{"value":"vscode.github","_lower":"vscode.github"},"activationEvent":"*"}
[2020-09-07 01:00:11.401] [exthost] [info] ExtensionService#loadCommonJSModule file:///home/pervazgolrang/.vscode-server/bin/3dd905126b34dcd4de81fa624eb3a8cbe7485f13/extensions/github/dist/extension.js
[2020-09-07 01:00:11.410] [exthost] [info] eager extensions activated
[2020-09-07 01:01:35.423] [exthost] [error] [ms-vscode.cpptools] provider FAILED
[2020-09-07 01:01:35.423] [exthost] [error] undefined
[2020-09-07 01:01:40.749] [exthost] [error] [ms-vscode.cpptools] provider FAILED
[2020-09-07 01:01:40.749] [exthost] [error] undefined
[2020-09-07 01:01:58.016] [exthost] [error] [ms-vscode.cpptools] provider FAILED
[2020-09-07 01:01:58.016] [exthost] [error] undefined
[2020-09-07 01:02:03.519] [exthost] [error] [ms-vscode.cpptools] provider FAILED
[2020-09-07 01:02:03.519] [exthost] [error] undefined
[2020-09-07 01:02:23.804] [exthost] [error] [ms-vscode.cpptools] provider FAILED
[2020-09-07 01:02:23.804] [exthost] [error] undefined
[2020-09-07 01:03:01.890] [exthost] [error] [ms-vscode.cpptools] provider FAILED
[2020-09-07 01:03:01.890] [exthost] [error] undefined
[2020-09-07 01:03:06.048] [exthost] [error] [ms-vscode.cpptools] provider FAILED
[2020-09-07 01:03:06.048] [exthost] [error] undefined
[2020-09-07 01:03:29.041] [exthost] [error] [ms-vscode.cpptools] provider FAILED
[2020-09-07 01:03:29.041] [exthost] [error] undefined
[2020-09-07 01:03:31.170] [exthost] [error] [ms-vscode.cpptools] provider FAILED
[2020-09-07 01:03:31.170] [exthost] [error] undefined
[2020-09-07 01:03:42.107] [exthost] [error] [ms-vscode.cpptools] provider FAILED
[2020-09-07 01:03:42.107] [exthost] [error] undefined
[2020-09-07 01:03:46.551] [exthost] [error] [ms-vscode.cpptools] provider FAILED
[2020-09-07 01:03:46.551] [exthost] [error] undefined
[2020-09-07 01:03:56.650] [exthost] [error] [ms-vscode.cpptools] provider FAILED
[2020-09-07 01:03:56.650] [exthost] [error] undefined
[2020-09-07 01:04:13.276] [exthost] [error] [ms-vscode.cpptools] provider FAILED
[2020-09-07 01:04:13.276] [exthost] [error] undefined
[2020-09-07 01:04:28.258] [exthost] [error] [ms-vscode.cpptools] provider FAILED
[2020-09-07 01:04:28.258] [exthost] [error] undefined
[2020-09-07 01:04:37.545] [exthost] [error] [ms-vscode.cpptools] provider FAILED
[2020-09-07 01:04:37.545] [exthost] [error] undefined
[2020-09-07 01:05:08.913] [exthost] [error] [ms-vscode.cpptools] provider FAILED
[2020-09-07 01:05:08.913] [exthost] [error] undefined
[2020-09-07 01:05:20.060] [exthost] [error] [ms-vscode.cpptools] provider FAILED
[2020-09-07 01:05:20.060] [exthost] [error] undefined
[2020-09-07 01:05:24.418] [exthost] [error] [ms-vscode.cpptools] provider FAILED
[2020-09-07 01:05:24.418] [exthost] [error] undefined
[2020-09-07 01:05:28.622] [exthost] [error] [ms-vscode.cpptools] provider FAILED
[2020-09-07 01:05:28.622] [exthost] [error] undefined
[2020-09-07 01:05:41.810] [exthost] [error] [ms-vscode.cpptools] provider FAILED
[2020-09-07 01:05:41.810] [exthost] [error] undefined
[2020-09-07 01:05:52.322] [exthost] [error] [ms-vscode.cpptools] provider FAILED
[2020-09-07 01:05:52.322] [exthost] [error] undefined
[2020-09-07 01:07:36.860] [exthost] [warning] ms-vscode.cpptools - Code actions of kind 'quickfix 'requested but returned code action does not have a 'kind'. Code action will be dropped. Please set 'CodeAction.kind'.
[2020-09-07 01:07:36.860] [exthost] [warning] ms-vscode.cpptools - Code actions of kind 'quickfix 'requested but returned code action does not have a 'kind'. Code action will be dropped. Please set 'CodeAction.kind'.
[2020-09-07 01:07:36.860] [exthost] [warning] ms-vscode.cpptools - Code actions of kind 'quickfix 'requested but returned code action does not have a 'kind'. Code action will be dropped. Please set 'CodeAction.kind'.
[2020-09-07 01:07:42.717] [exthost] [warning] ms-vscode.cpptools - Code actions of kind 'quickfix 'requested but returned code action does not have a 'kind'. Code action will be dropped. Please set 'CodeAction.kind'.
[2020-09-07 01:07:42.717] [exthost] [warning] ms-vscode.cpptools - Code actions of kind 'quickfix 'requested but returned code action does not have a 'kind'. Code action will be dropped. Please set 'CodeAction.kind'.
[2020-09-07 01:07:42.717] [exthost] [warning] ms-vscode.cpptools - Code actions of kind 'quickfix 'requested but returned code action does not have a 'kind'. Code action will be dropped. Please set 'CodeAction.kind'.
[2020-09-07 01:07:55.535] [exthost] [error] [ms-vscode.cpptools] provider FAILED
[2020-09-07 01:07:55.535] [exthost] [error] undefined
[2020-09-07 01:08:01.008] [exthost] [error] [ms-vscode.cpptools] provider FAILED
[2020-09-07 01:08:01.008] [exthost] [error] undefined
[2020-09-07 01:08:44.885] [exthost] [error] [ms-vscode.cpptools] provider FAILED
[2020-09-07 01:08:44.885] [exthost] [error] undefined
[2020-09-07 01:09:00.948] [exthost] [error] [ms-vscode.cpptools] provider FAILED
[2020-09-07 01:09:00.948] [exthost] [error] undefined
[2020-09-07 01:09:09.323] [exthost] [error] [ms-vscode.cpptools] provider FAILED
[2020-09-07 01:09:09.323] [exthost] [error] undefined
[2020-09-07 01:10:00.599] [exthost] [error] [ms-vscode.cpptools] provider FAILED
[2020-09-07 01:10:00.599] [exthost] [error] undefined
[2020-09-07 01:10:12.937] [exthost] [error] [ms-vscode.cpptools] provider FAILED
[2020-09-07 01:10:12.937] [exthost] [error] undefined
[2020-09-07 01:10:18.258] [exthost] [error] [ms-vscode.cpptools] provider FAILED
[2020-09-07 01:10:18.258] [exthost] [error] undefined
[2020-09-07 01:10:30.523] [exthost] [error] [ms-vscode.cpptools] provider FAILED
[2020-09-07 01:10:30.523] [exthost] [error] undefined
[2020-09-07 01:10:40.037] [exthost] [error] [ms-vscode.cpptools] provider FAILED
[2020-09-07 01:10:40.037] [exthost] [error] undefined
[2020-09-07 01:11:03.723] [exthost] [error] [ms-vscode.cpptools] provider FAILED
[2020-09-07 01:11:03.723] [exthost] [error] undefined
[2020-09-07 01:11:12.698] [exthost] [warning] ms-vscode.cpptools - Code actions of kind 'quickfix 'requested but returned code action does not have a 'kind'. Code action will be dropped. Please set 'CodeAction.kind'.
[2020-09-07 01:11:12.698] [exthost] [warning] ms-vscode.cpptools - Code actions of kind 'quickfix 'requested but returned code action does not have a 'kind'. Code action will be dropped. Please set 'CodeAction.kind'.
[2020-09-07 01:11:25.547] [exthost] [error] [ms-vscode.cpptools] provider FAILED
[2020-09-07 01:11:25.547] [exthost] [error] undefined
[2020-09-07 01:13:35.506] [exthost] [error] [ms-vscode.cpptools] provider FAILED
[2020-09-07 01:13:35.506] [exthost] [error] undefined
[2020-09-07 01:13:53.877] [exthost] [error] [ms-vscode.cpptools] provider FAILED
[2020-09-07 01:13:53.877] [exthost] [error] undefined
[2020-09-07 01:14:21.843] [exthost] [error] [ms-vscode.cpptools] provider FAILED
[2020-09-07 01:14:21.843] [exthost] [error] undefined
[2020-09-07 01:14:28.343] [exthost] [error] [ms-vscode.cpptools] provider FAILED
[2020-09-07 01:14:28.343] [exthost] [error] undefined
[2020-09-07 01:14:35.616] [exthost] [error] [ms-vscode.cpptools] provider FAILED
[2020-09-07 01:14:35.616] [exthost] [error] undefined
[2020-09-07 01:14:51.334] [exthost] [error] [ms-vscode.cpptools] provider FAILED
[2020-09-07 01:14:51.334] [exthost] [error] undefined
[2020-09-07 01:14:59.857] [exthost] [error] [ms-vscode.cpptools] provider FAILED
[2020-09-07 01:14:59.857] [exthost] [error] undefined
[2020-09-07 01:15:04.012] [exthost] [error] [ms-vscode.cpptools] provider FAILED
[2020-09-07 01:15:04.012] [exthost] [error] undefined
[2020-09-07 01:15:16.539] [exthost] [error] [ms-vscode.cpptools] provider FAILED
[2020-09-07 01:15:16.539] [exthost] [error] undefined
