Looking for git in: git
Using git 2.25.1 from git
> git rev-parse --git-dir
Open repository: /home/pervazgolrang
> git status -z -u
> git symbolic-ref --short HEAD
> git rev-parse master
> git rev-parse --symbolic-full-name master@{u}
> git rev-list --left-right master...refs/remotes/origin/master
> git for-each-ref --sort -committerdate --format %(refname) %(objectname)
> git remote --verbose
> git config --get commit.template
> git show --textconv :Statisk_Nettside/Css/styling.css
> git ls-files --stage -- /home/pervazgolrang/Statisk_Nettside/Css/styling.css
> git cat-file -s 6bf2e3d9726aeffa586585cfe0c1a1709d6586da
> git check-ignore -v -z --stdin
> git show --textconv :Statisk_Nettside/Betaling.html
> git ls-files --stage -- /home/pervazgolrang/Statisk_Nettside/Betaling.html
> git cat-file -s e69de29bb2d1d6434b8b29ae775ad8c2e48c5391
> git show --textconv :Statisk_Nettside/Login.html
> git ls-files --stage -- /home/pervazgolrang/Statisk_Nettside/Login.html
> git cat-file -s e69de29bb2d1d6434b8b29ae775ad8c2e48c5391
