Looking for git in: git
Using git 2.25.1 from git
> git rev-parse --git-dir
Open repository: /home/pervazgolrang
> git status -z -u
> git symbolic-ref --short HEAD
> git rev-parse master
> git rev-parse --symbolic-full-name master@{u}
> git rev-list --left-right master...refs/remotes/origin/master
> git for-each-ref --sort -committerdate --format %(refname) %(objectname)
> git remote --verbose
> git config --get commit.template
> git check-ignore -v -z --stdin
> git show --textconv :Statisk_Nettside/Authentication.html
> git ls-files --stage -- /home/pervazgolrang/Statisk_Nettside/Authentication.html
> git cat-file -s e69de29bb2d1d6434b8b29ae775ad8c2e48c5391
> git show --textconv :Statisk_Nettside/Css/styles.css
> git ls-files --stage -- /home/pervazgolrang/Statisk_Nettside/Css/styles.css
> git show --textconv :Statisk_Nettside/Css/styling.css
> git ls-files --stage -- /home/pervazgolrang/Statisk_Nettside/Css/styling.css
> git cat-file -s 6bf2e3d9726aeffa586585cfe0c1a1709d6586da
> git show --textconv :Statisk_Nettside/Authentication.html
> git ls-files --stage -- /home/pervazgolrang/Statisk_Nettside/Authentication.html
> git cat-file -s e69de29bb2d1d6434b8b29ae775ad8c2e48c5391
> git check-ignore -v -z --stdin
> git status -z -u
> git symbolic-ref --short HEAD
> git rev-parse master
> git rev-parse --symbolic-full-name master@{u}
> git rev-list --left-right master...refs/remotes/origin/master
> git for-each-ref --sort -committerdate --format %(refname) %(objectname)
> git remote --verbose
> git config --get commit.template
> git status -z -u
> git symbolic-ref --short HEAD
> git rev-parse master
> git rev-parse --symbolic-full-name master@{u}
> git rev-list --left-right master...refs/remotes/origin/master
> git for-each-ref --sort -committerdate --format %(refname) %(objectname)
> git remote --verbose
> git config --get commit.template
> git status -z -u
> git symbolic-ref --short HEAD
> git rev-parse master
> git rev-parse --symbolic-full-name master@{u}
> git rev-list --left-right master...refs/remotes/origin/master
> git for-each-ref --sort -committerdate --format %(refname) %(objectname)
> git remote --verbose
> git config --get commit.template
> git check-ignore -v -z --stdin
> git status -z -u
> git symbolic-ref --short HEAD
> git rev-parse master
> git rev-parse --symbolic-full-name master@{u}
> git rev-list --left-right master...refs/remotes/origin/master
> git for-each-ref --sort -committerdate --format %(refname) %(objectname)
> git remote --verbose
> git config --get commit.template
> git show --textconv :Statisk_Nettside/Registration.html
> git ls-files --stage -- /home/pervazgolrang/Statisk_Nettside/Registration.html
> git cat-file -s e69de29bb2d1d6434b8b29ae775ad8c2e48c5391
> git show --textconv :Statisk_Nettside/bruker/Registration.html
> git ls-files --stage -- /home/pervazgolrang/Statisk_Nettside/bruker/Registration.html
> git check-ignore -v -z --stdin
> git status -z -u
> git symbolic-ref --short HEAD
> git rev-parse master
> git rev-parse --symbolic-full-name master@{u}
> git rev-list --left-right master...refs/remotes/origin/master
> git for-each-ref --sort -committerdate --format %(refname) %(objectname)
> git remote --verbose
> git config --get commit.template
> git show --textconv :Statisk_Nettside/Login.html
> git ls-files --stage -- /home/pervazgolrang/Statisk_Nettside/Login.html
> git cat-file -s e69de29bb2d1d6434b8b29ae775ad8c2e48c5391
> git show --textconv :Statisk_Nettside/bruker/Login.html
> git ls-files --stage -- /home/pervazgolrang/Statisk_Nettside/bruker/Login.html
> git check-ignore -v -z --stdin
> git status -z -u
> git symbolic-ref --short HEAD
> git rev-parse master
> git rev-parse --symbolic-full-name master@{u}
> git rev-list --left-right master...refs/remotes/origin/master
> git for-each-ref --sort -committerdate --format %(refname) %(objectname)
> git remote --verbose
> git config --get commit.template
> git show --textconv :Statisk_Nettside/bruker/Registration.html
> git ls-files --stage -- /home/pervazgolrang/Statisk_Nettside/bruker/Registration.html
> git show --textconv :Statisk_Nettside/Registration.html
> git ls-files --stage -- /home/pervazgolrang/Statisk_Nettside/Registration.html
> git cat-file -s e69de29bb2d1d6434b8b29ae775ad8c2e48c5391
> git show --textconv :Statisk_Nettside/bruker/Login.html
> git ls-files --stage -- /home/pervazgolrang/Statisk_Nettside/bruker/Login.html
> git status -z -u
> git symbolic-ref --short HEAD
> git rev-parse master
> git rev-parse --symbolic-full-name master@{u}
> git rev-list --left-right master...refs/remotes/origin/master
> git for-each-ref --sort -committerdate --format %(refname) %(objectname)
> git remote --verbose
> git config --get commit.template
> git show --textconv :Statisk_Nettside/Login.html
> git ls-files --stage -- /home/pervazgolrang/Statisk_Nettside/Login.html
> git cat-file -s e69de29bb2d1d6434b8b29ae775ad8c2e48c5391
> git show --textconv :Statisk_Nettside/bruker/README.txt
> git ls-files --stage -- /home/pervazgolrang/Statisk_Nettside/bruker/README.txt
> git status -z -u
> git symbolic-ref --short HEAD
> git rev-parse master
> git rev-parse --symbolic-full-name master@{u}
> git rev-list --left-right master...refs/remotes/origin/master
> git for-each-ref --sort -committerdate --format %(refname) %(objectname)
> git remote --verbose
> git config --get commit.template
> git status -z -u
> git symbolic-ref --short HEAD
> git rev-parse master
> git rev-parse --symbolic-full-name master@{u}
> git rev-list --left-right master...refs/remotes/origin/master
> git for-each-ref --sort -committerdate --format %(refname) %(objectname)
> git remote --verbose
> git config --get commit.template
> git show --textconv :Statisk_Nettside/Support.html
> git ls-files --stage -- /home/pervazgolrang/Statisk_Nettside/Support.html
> git cat-file -s e69de29bb2d1d6434b8b29ae775ad8c2e48c5391
> git show --textconv :Statisk_Nettside/Registration.html
> git ls-files --stage -- /home/pervazgolrang/Statisk_Nettside/Registration.html
> git cat-file -s e69de29bb2d1d6434b8b29ae775ad8c2e48c5391
> git show --textconv :Statisk_Nettside/Profil.html
> git ls-files --stage -- /home/pervazgolrang/Statisk_Nettside/Profil.html
> git cat-file -s c5b2fa8ac45c8f73ab4575231f414e3205ba707c
> git show --textconv :Statisk_Nettside/Oversikt.html
> git ls-files --stage -- /home/pervazgolrang/Statisk_Nettside/Oversikt.html
> git cat-file -s e69de29bb2d1d6434b8b29ae775ad8c2e48c5391
> git show --textconv :Statisk_Nettside/MainPage.html
> git ls-files --stage -- /home/pervazgolrang/Statisk_Nettside/MainPage.html
> git cat-file -s 4b490277b1a8bb029cbf04c62ae9478536cde117
> git show --textconv :Statisk_Nettside/Login.html
> git ls-files --stage -- /home/pervazgolrang/Statisk_Nettside/Login.html
> git cat-file -s e69de29bb2d1d6434b8b29ae775ad8c2e48c5391
> git show --textconv :Statisk_Nettside/Oversikt.html
> git ls-files --stage -- /home/pervazgolrang/Statisk_Nettside/Oversikt.html
> git cat-file -s e69de29bb2d1d6434b8b29ae775ad8c2e48c5391
> git show --textconv :Statisk_Nettside/Login.html
> git ls-files --stage -- /home/pervazgolrang/Statisk_Nettside/Login.html
> git cat-file -s e69de29bb2d1d6434b8b29ae775ad8c2e48c5391
> git show --textconv :Statisk_Nettside/Oversikt.html
> git ls-files --stage -- /home/pervazgolrang/Statisk_Nettside/Oversikt.html
> git cat-file -s e69de29bb2d1d6434b8b29ae775ad8c2e48c5391
> git show --textconv :Statisk_Nettside/Login.html
> git ls-files --stage -- /home/pervazgolrang/Statisk_Nettside/Login.html
> git cat-file -s e69de29bb2d1d6434b8b29ae775ad8c2e48c5391
> git show --textconv :Statisk_Nettside/Betaling.html
> git ls-files --stage -- /home/pervazgolrang/Statisk_Nettside/Betaling.html
> git cat-file -s e69de29bb2d1d6434b8b29ae775ad8c2e48c5391
> git show --textconv :Statisk_Nettside/Authentication.html
> git ls-files --stage -- /home/pervazgolrang/Statisk_Nettside/Authentication.html
> git cat-file -s e69de29bb2d1d6434b8b29ae775ad8c2e48c5391
> git show --textconv :Statisk_Nettside/Registration.html
> git ls-files --stage -- /home/pervazgolrang/Statisk_Nettside/Registration.html
> git cat-file -s e69de29bb2d1d6434b8b29ae775ad8c2e48c5391
> git show --textconv :Statisk_Nettside/kjonn.py
> git ls-files --stage -- /home/pervazgolrang/Statisk_Nettside/kjonn.py
> git check-ignore -v -z --stdin
> git status -z -u
> git symbolic-ref --short HEAD
> git rev-parse master
> git rev-parse --symbolic-full-name master@{u}
> git rev-list --left-right master...refs/remotes/origin/master
> git for-each-ref --sort -committerdate --format %(refname) %(objectname)
> git remote --verbose
> git config --get commit.template
