[2020-08-22 21:00:58.240] [exthost] [info] extension host started
[2020-08-22 21:00:58.262] [exthost] [info] ExtensionService#_doActivateExtension vscode.github-authentication {"startup":false,"extensionId":{"value":"vscode.github-authentication","_lower":"vscode.github-authentication"},"activationEvent":"onAuthenticationRequest:github"}
[2020-08-22 21:00:58.262] [exthost] [info] ExtensionService#loadCommonJSModule file:///home/pervazgolrang/.vscode-server/bin/3dd905126b34dcd4de81fa624eb3a8cbe7485f13/extensions/github-authentication/dist/extension.js
[2020-08-22 21:00:58.274] [exthost] [info] ExtensionService#_doActivateExtension vscode.debug-auto-launch {"startup":true,"extensionId":{"value":"vscode.debug-auto-launch","_lower":"vscode.debug-auto-launch"},"activationEvent":"*"}
[2020-08-22 21:00:58.275] [exthost] [info] ExtensionService#loadCommonJSModule file:///home/pervazgolrang/.vscode-server/bin/3dd905126b34dcd4de81fa624eb3a8cbe7485f13/extensions/debug-auto-launch/dist/extension
[2020-08-22 21:00:58.277] [exthost] [info] ExtensionService#_doActivateExtension vscode.emmet {"startup":true,"extensionId":{"value":"vscode.emmet","_lower":"vscode.emmet"},"activationEvent":"*"}
[2020-08-22 21:00:58.277] [exthost] [info] ExtensionService#loadCommonJSModule file:///home/pervazgolrang/.vscode-server/bin/3dd905126b34dcd4de81fa624eb3a8cbe7485f13/extensions/emmet/dist/node/emmetNodeMain
[2020-08-22 21:00:58.294] [exthost] [info] ExtensionService#_doActivateExtension vscode.git {"startup":true,"extensionId":{"value":"vscode.github","_lower":"vscode.github"},"activationEvent":"*"}
[2020-08-22 21:00:58.294] [exthost] [info] ExtensionService#loadCommonJSModule file:///home/pervazgolrang/.vscode-server/bin/3dd905126b34dcd4de81fa624eb3a8cbe7485f13/extensions/git/dist/main
[2020-08-22 21:00:58.324] [exthost] [info] ExtensionService#_doActivateExtension vscode.merge-conflict {"startup":true,"extensionId":{"value":"vscode.merge-conflict","_lower":"vscode.merge-conflict"},"activationEvent":"*"}
[2020-08-22 21:00:58.325] [exthost] [info] ExtensionService#loadCommonJSModule file:///home/pervazgolrang/.vscode-server/bin/3dd905126b34dcd4de81fa624eb3a8cbe7485f13/extensions/merge-conflict/dist/mergeConflictMain
[2020-08-22 21:00:58.327] [exthost] [info] ExtensionService#_doActivateExtension vscode.search-result {"startup":true,"extensionId":{"value":"vscode.search-result","_lower":"vscode.search-result"},"activationEvent":"*"}
[2020-08-22 21:00:58.327] [exthost] [info] ExtensionService#loadCommonJSModule file:///home/pervazgolrang/.vscode-server/bin/3dd905126b34dcd4de81fa624eb3a8cbe7485f13/extensions/search-result/dist/extension.js
[2020-08-22 21:00:58.367] [exthost] [info] ExtensionService#_doActivateExtension vscode.github {"startup":true,"extensionId":{"value":"vscode.github","_lower":"vscode.github"},"activationEvent":"*"}
[2020-08-22 21:00:58.367] [exthost] [info] ExtensionService#loadCommonJSModule file:///home/pervazgolrang/.vscode-server/bin/3dd905126b34dcd4de81fa624eb3a8cbe7485f13/extensions/github/dist/extension.js
[2020-08-22 21:00:58.395] [exthost] [info] eager extensions activated
[2020-08-22 21:01:00.510] [exthost] [info] ExtensionService#_doActivateExtension vscode.extension-editing {"startup":false,"extensionId":{"value":"vscode.extension-editing","_lower":"vscode.extension-editing"},"activationEvent":"onLanguage:markdown"}
[2020-08-22 21:01:00.510] [exthost] [info] ExtensionService#loadCommonJSModule file:///home/pervazgolrang/.vscode-server/bin/3dd905126b34dcd4de81fa624eb3a8cbe7485f13/extensions/extension-editing/dist/extensionEditingMain
[2020-08-22 21:01:00.519] [exthost] [info] ExtensionService#_doActivateExtension vscode.markdown-language-features {"startup":false,"extensionId":{"value":"vscode.markdown-language-features","_lower":"vscode.markdown-language-features"},"activationEvent":"onLanguage:markdown"}
[2020-08-22 21:01:00.519] [exthost] [info] ExtensionService#loadCommonJSModule file:///home/pervazgolrang/.vscode-server/bin/3dd905126b34dcd4de81fa624eb3a8cbe7485f13/extensions/markdown-language-features/dist/extension
[2020-08-22 21:01:07.118] [exthost] [info] ExtensionService#_doActivateExtension ms-vscode.cpptools {"startup":false,"extensionId":{"value":"ms-vscode.cpptools","_lower":"ms-vscode.cpptools"},"activationEvent":"onLanguage:c"}
[2020-08-22 21:01:07.118] [exthost] [info] ExtensionService#loadCommonJSModule file:///home/pervazgolrang/.vscode-server/extensions/ms-vscode.cpptools-0.29.0/dist/main
[2020-08-22 21:01:10.070] [exthost] [error] [ms-vscode.cpptools] provider FAILED
[2020-08-22 21:01:10.070] [exthost] [error] undefined
[2020-08-22 21:01:18.018] [exthost] [info] ExtensionService#_doActivateExtension vscode.configuration-editing {"startup":false,"extensionId":{"value":"vscode.configuration-editing","_lower":"vscode.configuration-editing"},"activationEvent":"onLanguage:jsonc"}
[2020-08-22 21:01:18.018] [exthost] [info] ExtensionService#loadCommonJSModule file:///home/pervazgolrang/.vscode-server/bin/3dd905126b34dcd4de81fa624eb3a8cbe7485f13/extensions/configuration-editing/dist/configurationEditingMain
[2020-08-22 21:01:18.024] [exthost] [info] ExtensionService#_doActivateExtension vscode.json-language-features {"startup":false,"extensionId":{"value":"vscode.json-language-features","_lower":"vscode.json-language-features"},"activationEvent":"onLanguage:jsonc"}
[2020-08-22 21:01:18.024] [exthost] [info] ExtensionService#loadCommonJSModule file:///home/pervazgolrang/.vscode-server/bin/3dd905126b34dcd4de81fa624eb3a8cbe7485f13/extensions/json-language-features/client/dist/node/jsonClientMain
[2020-08-22 21:01:18.049] [exthost] [info] ExtensionService#_doActivateExtension vscode.typescript-language-features {"startup":false,"extensionId":{"value":"vscode.typescript-language-features","_lower":"vscode.typescript-language-features"},"activationEvent":"onLanguage:jsonc"}
[2020-08-22 21:01:18.049] [exthost] [info] ExtensionService#loadCommonJSModule file:///home/pervazgolrang/.vscode-server/bin/3dd905126b34dcd4de81fa624eb3a8cbe7485f13/extensions/typescript-language-features/dist/extension
