[2020-09-09 05:09:59.917] [exthost] [info] extension host started
[2020-09-09 05:09:59.952] [exthost] [info] ExtensionService#_doActivateExtension vscode.github-authentication {"startup":false,"extensionId":{"value":"vscode.github-authentication","_lower":"vscode.github-authentication"},"activationEvent":"onAuthenticationRequest:github"}
[2020-09-09 05:09:59.952] [exthost] [info] ExtensionService#loadCommonJSModule file:///home/pervazgolrang/.vscode-server/bin/a0479759d6e9ea56afa657e454193f72aef85bd0/extensions/github-authentication/dist/extension.js
[2020-09-09 05:09:59.968] [exthost] [info] ExtensionService#_doActivateExtension ms-python.python {"startup":false,"extensionId":{"value":"ms-python.python","_lower":"ms-python.python"},"activationEvent":"onLanguage:python"}
[2020-09-09 05:09:59.968] [exthost] [info] ExtensionService#loadCommonJSModule file:///home/pervazgolrang/.vscode-server/extensions/ms-python.python-2020.8.106424/out/client/extension
[2020-09-09 05:10:00.205] [exthost] [info] ExtensionService#_doActivateExtension vscode.debug-auto-launch {"startup":true,"extensionId":{"value":"vscode.debug-auto-launch","_lower":"vscode.debug-auto-launch"},"activationEvent":"*"}
[2020-09-09 05:10:00.205] [exthost] [info] ExtensionService#loadCommonJSModule file:///home/pervazgolrang/.vscode-server/bin/a0479759d6e9ea56afa657e454193f72aef85bd0/extensions/debug-auto-launch/dist/extension
[2020-09-09 05:10:00.207] [exthost] [info] ExtensionService#_doActivateExtension vscode.emmet {"startup":true,"extensionId":{"value":"vscode.emmet","_lower":"vscode.emmet"},"activationEvent":"*"}
[2020-09-09 05:10:00.207] [exthost] [info] ExtensionService#loadCommonJSModule file:///home/pervazgolrang/.vscode-server/bin/a0479759d6e9ea56afa657e454193f72aef85bd0/extensions/emmet/dist/node/emmetNodeMain
[2020-09-09 05:10:00.224] [exthost] [info] ExtensionService#_doActivateExtension vscode.git {"startup":true,"extensionId":{"value":"vscode.github","_lower":"vscode.github"},"activationEvent":"*"}
[2020-09-09 05:10:00.224] [exthost] [info] ExtensionService#loadCommonJSModule file:///home/pervazgolrang/.vscode-server/bin/a0479759d6e9ea56afa657e454193f72aef85bd0/extensions/git/dist/main
[2020-09-09 05:10:00.255] [exthost] [info] ExtensionService#_doActivateExtension vscode.merge-conflict {"startup":true,"extensionId":{"value":"vscode.merge-conflict","_lower":"vscode.merge-conflict"},"activationEvent":"*"}
[2020-09-09 05:10:00.255] [exthost] [info] ExtensionService#loadCommonJSModule file:///home/pervazgolrang/.vscode-server/bin/a0479759d6e9ea56afa657e454193f72aef85bd0/extensions/merge-conflict/dist/mergeConflictMain
[2020-09-09 05:10:00.257] [exthost] [info] ExtensionService#_doActivateExtension vscode.search-result {"startup":true,"extensionId":{"value":"vscode.search-result","_lower":"vscode.search-result"},"activationEvent":"*"}
[2020-09-09 05:10:00.257] [exthost] [info] ExtensionService#loadCommonJSModule file:///home/pervazgolrang/.vscode-server/bin/a0479759d6e9ea56afa657e454193f72aef85bd0/extensions/search-result/dist/extension.js
[2020-09-09 05:10:00.324] [exthost] [info] ExtensionService#_doActivateExtension vscode.github {"startup":true,"extensionId":{"value":"vscode.github","_lower":"vscode.github"},"activationEvent":"*"}
[2020-09-09 05:10:00.325] [exthost] [info] ExtensionService#loadCommonJSModule file:///home/pervazgolrang/.vscode-server/bin/a0479759d6e9ea56afa657e454193f72aef85bd0/extensions/github/dist/extension.js
[2020-09-09 05:10:00.411] [exthost] [info] eager extensions activated
[2020-09-09 05:10:00.684] [exthost] [info] Extension 'ms-python.python' uses a document selector without scheme. Learn more about this: https://go.microsoft.com/fwlink/?linkid=872305
[2020-09-09 05:10:13.935] [exthost] [info] ExtensionService#_doActivateExtension vscode.configuration-editing {"startup":false,"extensionId":{"value":"vscode.configuration-editing","_lower":"vscode.configuration-editing"},"activationEvent":"onLanguage:jsonc"}
[2020-09-09 05:10:13.935] [exthost] [info] ExtensionService#loadCommonJSModule file:///home/pervazgolrang/.vscode-server/bin/a0479759d6e9ea56afa657e454193f72aef85bd0/extensions/configuration-editing/dist/configurationEditingMain
[2020-09-09 05:10:13.941] [exthost] [info] ExtensionService#_doActivateExtension vscode.json-language-features {"startup":false,"extensionId":{"value":"vscode.json-language-features","_lower":"vscode.json-language-features"},"activationEvent":"onLanguage:jsonc"}
[2020-09-09 05:10:13.942] [exthost] [info] ExtensionService#loadCommonJSModule file:///home/pervazgolrang/.vscode-server/bin/a0479759d6e9ea56afa657e454193f72aef85bd0/extensions/json-language-features/client/dist/node/jsonClientMain
[2020-09-09 05:10:13.973] [exthost] [info] ExtensionService#_doActivateExtension vscode.typescript-language-features {"startup":false,"extensionId":{"value":"vscode.typescript-language-features","_lower":"vscode.typescript-language-features"},"activationEvent":"onLanguage:jsonc"}
[2020-09-09 05:10:13.973] [exthost] [info] ExtensionService#loadCommonJSModule file:///home/pervazgolrang/.vscode-server/bin/a0479759d6e9ea56afa657e454193f72aef85bd0/extensions/typescript-language-features/dist/extension
[2020-09-09 05:12:01.000] [exthost] [info] ExtensionService#_doActivateExtension vscode.html-language-features {"startup":false,"extensionId":{"value":"vscode.html-language-features","_lower":"vscode.html-language-features"},"activationEvent":"onLanguage:html"}
[2020-09-09 05:12:01.000] [exthost] [info] ExtensionService#loadCommonJSModule file:///home/pervazgolrang/.vscode-server/bin/a0479759d6e9ea56afa657e454193f72aef85bd0/extensions/html-language-features/client/dist/node/htmlClientMain
