Error 2020-09-09 05:10:00: Failed to download and store experiments, Class name = b, completed in 169ms, has a falsy return value, Arg 1: <argument cannot be serialized for logging>, Return Value: undefined [Error: Failed with status 404, Not Found, Uri https://raw.githubusercontent.com/microsoft/vscode-python/master/experiments.json
	at H._callback (/home/pervazgolrang/.vscode-server/extensions/ms-python.python-2020.8.106424/out/client/extension.js:54:713175)
	at H.a._callback.a.callback.a.callback (/home/pervazgolrang/.vscode-server/extensions/ms-python.python-2020.8.106424/out/client/node_modules/request.js:189:5442)
	at H.emit (events.js:200:13)
	at H.<anonymous> (/home/pervazgolrang/.vscode-server/extensions/ms-python.python-2020.8.106424/out/client/node_modules/request.js:189:18302)
	at H.emit (events.js:200:13)
	at IncomingMessage.<anonymous> (/home/pervazgolrang/.vscode-server/extensions/ms-python.python-2020.8.106424/out/client/node_modules/request.js:189:17134)
	at Object.onceWrapper (events.js:288:20)
	at IncomingMessage.emit (events.js:205:15)
	at endReadableNT (_stream_readable.js:1154:12)
	at processTicksAndRejections (internal/process/task_queues.js:84:9)]
Error 2020-09-09 05:10:00: Effort to download experiments within timeout failed with error [Error: Failed with status 404, Not Found, Uri https://raw.githubusercontent.com/microsoft/vscode-python/master/experiments.json
	at H._callback (/home/pervazgolrang/.vscode-server/extensions/ms-python.python-2020.8.106424/out/client/extension.js:54:713175)
	at H.a._callback.a.callback.a.callback (/home/pervazgolrang/.vscode-server/extensions/ms-python.python-2020.8.106424/out/client/node_modules/request.js:189:5442)
	at H.emit (events.js:200:13)
	at H.<anonymous> (/home/pervazgolrang/.vscode-server/extensions/ms-python.python-2020.8.106424/out/client/node_modules/request.js:189:18302)
	at H.emit (events.js:200:13)
	at IncomingMessage.<anonymous> (/home/pervazgolrang/.vscode-server/extensions/ms-python.python-2020.8.106424/out/client/node_modules/request.js:189:17134)
	at Object.onceWrapper (events.js:288:20)
	at IncomingMessage.emit (events.js:205:15)
	at endReadableNT (_stream_readable.js:1154:12)
	at processTicksAndRejections (internal/process/task_queues.js:84:9)]
User belongs to experiment group 'AlwaysDisplayTestExplorer - experiment'
User belongs to experiment group 'ShowPlayIcon - start'
User belongs to experiment group 'DebugAdapterFactory - experiment'
User belongs to experiment group 'PtvsdWheels37 - experiment'
User belongs to experiment group 'UseTerminalToGetActivatedEnvVars - control'
User belongs to experiment group 'LocalZMQKernel - experiment'
User belongs to experiment group 'CollectLSRequestTiming - control'
User belongs to experiment group 'CollectNodeLSRequestTiming - experiment'
User belongs to experiment group 'EnableIPyWidgets - experiment'
User belongs to experiment group 'RunByLine - experiment'
User belongs to experiment group 'CustomEditorSupport - control'
> conda --version
Error 2020-09-09 05:10:00: stat() failed for "/mnt/c/Windows/system32/config/systemprofile/AppData/Local/Microsoft/WindowsApps" [NoPermissions (FileSystemError) (FileSystemError): Error: EACCES: permission denied, stat '/mnt/c/Windows/system32/config/systemprofile/AppData/Local/Microsoft/WindowsApps'
	at _handleError (/home/pervazgolrang/.vscode-server/bin/a0479759d6e9ea56afa657e454193f72aef85bd0/out/vs/server/remoteExtensionHostProcess.js:696:689)
	at processTicksAndRejections (internal/process/task_queues.js:89:5)
	at async _.pathExists (/home/pervazgolrang/.vscode-server/extensions/ms-python.python-2020.8.106424/out/client/extension.js:1:497561)
	at async Promise.all (index 23)] {
  code: 'Unknown',
  name: 'NoPermissions (FileSystemError) (FileSystemError)'
}
> pyenv root
> conda info --json
Error 2020-09-09 05:10:01: Failed to download and store experiments, Class name = b, completed in 510ms, has a falsy return value, , Return Value: undefined [Error: Failed with status 404, Not Found, Uri https://raw.githubusercontent.com/microsoft/vscode-python/master/experiments.json
	at H._callback (/home/pervazgolrang/.vscode-server/extensions/ms-python.python-2020.8.106424/out/client/extension.js:54:713175)
	at H.a._callback.a.callback.a.callback (/home/pervazgolrang/.vscode-server/extensions/ms-python.python-2020.8.106424/out/client/node_modules/request.js:189:5442)
	at H.emit (events.js:200:13)
	at H.<anonymous> (/home/pervazgolrang/.vscode-server/extensions/ms-python.python-2020.8.106424/out/client/node_modules/request.js:189:18302)
	at H.emit (events.js:200:13)
	at IncomingMessage.<anonymous> (/home/pervazgolrang/.vscode-server/extensions/ms-python.python-2020.8.106424/out/client/node_modules/request.js:189:17134)
	at Object.onceWrapper (events.js:288:20)
	at IncomingMessage.emit (events.js:205:15)
	at endReadableNT (_stream_readable.js:1154:12)
	at processTicksAndRejections (internal/process/task_queues.js:84:9)]
Error 2020-09-09 05:10:01: Failed to initialize experiments, Class name = b, completed in 511ms, has a falsy return value, , Return Value: undefined [Error: Failed with status 404, Not Found, Uri https://raw.githubusercontent.com/microsoft/vscode-python/master/experiments.json
	at H._callback (/home/pervazgolrang/.vscode-server/extensions/ms-python.python-2020.8.106424/out/client/extension.js:54:713175)
	at H.a._callback.a.callback.a.callback (/home/pervazgolrang/.vscode-server/extensions/ms-python.python-2020.8.106424/out/client/node_modules/request.js:189:5442)
	at H.emit (events.js:200:13)
	at H.<anonymous> (/home/pervazgolrang/.vscode-server/extensions/ms-python.python-2020.8.106424/out/client/node_modules/request.js:189:18302)
	at H.emit (events.js:200:13)
	at IncomingMessage.<anonymous> (/home/pervazgolrang/.vscode-server/extensions/ms-python.python-2020.8.106424/out/client/node_modules/request.js:189:17134)
	at Object.onceWrapper (events.js:288:20)
	at IncomingMessage.emit (events.js:205:15)
	at endReadableNT (_stream_readable.js:1154:12)
	at processTicksAndRejections (internal/process/task_queues.js:84:9)]
> python3.7 ~/.vscode-server/extensions/ms-python.python-2020.8.106424/pythonFiles/pyvsc-run-isolated.py -c "import sys;print(sys.executable)"
> python3.6 ~/.vscode-server/extensions/ms-python.python-2020.8.106424/pythonFiles/pyvsc-run-isolated.py -c "import sys;print(sys.executable)"
> python3 ~/.vscode-server/extensions/ms-python.python-2020.8.106424/pythonFiles/pyvsc-run-isolated.py -c "import sys;print(sys.executable)"
> python2 ~/.vscode-server/extensions/ms-python.python-2020.8.106424/pythonFiles/pyvsc-run-isolated.py -c "import sys;print(sys.executable)"
> python ~/.vscode-server/extensions/ms-python.python-2020.8.106424/pythonFiles/pyvsc-run-isolated.py -c "import sys;print(sys.executable)"
> python ~/.vscode-server/extensions/ms-python.python-2020.8.106424/pythonFiles/pyvsc-run-isolated.py -c "import sys;print(sys.executable)"
> python ~/.vscode-server/extensions/ms-python.python-2020.8.106424/pythonFiles/pyvsc-run-isolated.py -c "import sys;print(sys.executable)"
> python ~/.vscode-server/extensions/ms-python.python-2020.8.106424/pythonFiles/pyvsc-run-isolated.py -c "import sys;print(sys.executable)"
Error 2020-09-09 05:10:04: Failed to check if file needs to be fixed [EntryNotFound (FileSystemError): Unable to read file 'vscode-remote://wsl+ubuntu-20.04/home/pervazgolrang/.config/Code/User/settings.json' (EntryNotFound (FileSystemError): Error: ENOENT: no such file or directory, open '/home/pervazgolrang/.config/Code/User/settings.json')
	at _handleError (/home/pervazgolrang/.vscode-server/bin/a0479759d6e9ea56afa657e454193f72aef85bd0/out/vs/server/remoteExtensionHostProcess.js:696:249)
	at processTicksAndRejections (internal/process/task_queues.js:89:5)
	at async v.readText (/home/pervazgolrang/.vscode-server/extensions/ms-python.python-2020.8.106424/out/client/extension.js:1:495755)
	at async p.doesFileNeedToBeFixed (/home/pervazgolrang/.vscode-server/extensions/ms-python.python-2020.8.106424/out/client/extension.js:56:953520)
	at async /home/pervazgolrang/.vscode-server/extensions/ms-python.python-2020.8.106424/out/client/extension.js:56:952647
	at async Promise.all (index 0)
	at async p.getFilesToBeFixed (/home/pervazgolrang/.vscode-server/extensions/ms-python.python-2020.8.106424/out/client/extension.js:56:952593)
	at async p.updateTestSettings (/home/pervazgolrang/.vscode-server/extensions/ms-python.python-2020.8.106424/out/client/extension.js:56:952220)] {
  code: 'FileNotFound',
  name: 'EntryNotFound (FileSystemError)'
}
Error 2020-09-09 05:10:04: Failed to check if file needs to be fixed [EntryNotFound (FileSystemError): Unable to read file 'vscode-remote://wsl+ubuntu-20.04/home/pervazgolrang/Statisk_Nettside/.vscode/settings.json' (EntryNotFound (FileSystemError): Error: ENOENT: no such file or directory, open '/home/pervazgolrang/Statisk_Nettside/.vscode/settings.json')
	at _handleError (/home/pervazgolrang/.vscode-server/bin/a0479759d6e9ea56afa657e454193f72aef85bd0/out/vs/server/remoteExtensionHostProcess.js:696:249)
	at processTicksAndRejections (internal/process/task_queues.js:89:5)
	at async v.readText (/home/pervazgolrang/.vscode-server/extensions/ms-python.python-2020.8.106424/out/client/extension.js:1:495755)
	at async p.doesFileNeedToBeFixed (/home/pervazgolrang/.vscode-server/extensions/ms-python.python-2020.8.106424/out/client/extension.js:56:953520)
	at async /home/pervazgolrang/.vscode-server/extensions/ms-python.python-2020.8.106424/out/client/extension.js:56:952647
	at async Promise.all (index 1)
	at async p.getFilesToBeFixed (/home/pervazgolrang/.vscode-server/extensions/ms-python.python-2020.8.106424/out/client/extension.js:56:952593)
	at async p.updateTestSettings (/home/pervazgolrang/.vscode-server/extensions/ms-python.python-2020.8.106424/out/client/extension.js:56:952220)] {
  code: 'FileNotFound',
  name: 'EntryNotFound (FileSystemError)'
}
Starting Jedi Python language engine.
Python interpreter path: /usr/bin/python3
> pyenv root
> pyenv root
> pyenv root
> conda --version
> /usr/bin/python3 ~/.vscode-server/extensions/ms-python.python-2020.8.106424/pythonFiles/pyvsc-run-isolated.py pylint --disable=all --enable=F,unreachable,duplicate-key,unnecessary-semicolon,global-variable-not-assigned,unused-variable,unused-wildcard-import,binary-op-exception,bad-format-string,anomalous-backslash-in-string,bad-open-mode,E0001,E0011,E0012,E0100,E0101,E0102,E0103,E0104,E0105,E0107,E0108,E0110,E0111,E0112,E0113,E0114,E0115,E0116,E0117,E0118,E0202,E0203,E0211,E0213,E0236,E0237,E0238,E0239,E0240,E0241,E0301,E0302,E0303,E0401,E0402,E0601,E0602,E0603,E0604,E0611,E0632,E0633,E0701,E0702,E0703,E0704,E0710,E0711,E0712,E1003,E1101,E1102,E1111,E1120,E1121,E1123,E1124,E1125,E1126,E1127,E1128,E1129,E1130,E1131,E1132,E1133,E1134,E1135,E1136,E1137,E1138,E1139,E1200,E1201,E1205,E1206,E1300,E1301,E1302,E1303,E1304,E1305,E1306,E1310,E1700,E1701 --msg-template='{line},{column},{category},{symbol}:{msg}' --reports=n --output-format=text ~/Statisk_Nettside/kjonn.py
cwd: ~/Statisk_Nettside
> /usr/bin/python3 ~/.vscode-server/extensions/ms-python.python-2020.8.106424/pythonFiles/pyvsc-run-isolated.py pylint --disable=all --enable=F,unreachable,duplicate-key,unnecessary-semicolon,global-variable-not-assigned,unused-variable,unused-wildcard-import,binary-op-exception,bad-format-string,anomalous-backslash-in-string,bad-open-mode,E0001,E0011,E0012,E0100,E0101,E0102,E0103,E0104,E0105,E0107,E0108,E0110,E0111,E0112,E0113,E0114,E0115,E0116,E0117,E0118,E0202,E0203,E0211,E0213,E0236,E0237,E0238,E0239,E0240,E0241,E0301,E0302,E0303,E0401,E0402,E0601,E0602,E0603,E0604,E0611,E0632,E0633,E0701,E0702,E0703,E0704,E0710,E0711,E0712,E1003,E1101,E1102,E1111,E1120,E1121,E1123,E1124,E1125,E1126,E1127,E1128,E1129,E1130,E1131,E1132,E1133,E1134,E1135,E1136,E1137,E1138,E1139,E1200,E1201,E1205,E1206,E1300,E1301,E1302,E1303,E1304,E1305,E1306,E1310,E1700,E1701 --msg-template='{line},{column},{category},{symbol}:{msg}' --reports=n --output-format=text ~/Statisk_Nettside/kjonn.py
cwd: ~/Statisk_Nettside
> /usr/bin/python3 ~/.vscode-server/extensions/ms-python.python-2020.8.106424/pythonFiles/pyvsc-run-isolated.py -c "import pylint"
> /usr/bin/python3 ~/.vscode-server/extensions/ms-python.python-2020.8.106424/pythonFiles/pyvsc-run-isolated.py -c "import pylint"
> /usr/bin/python3 ~/.vscode-server/extensions/ms-python.python-2020.8.106424/pythonFiles/pyvsc-run-isolated.py -c "import pylint"
> /usr/bin/python3 ~/.vscode-server/extensions/ms-python.python-2020.8.106424/pythonFiles/pyvsc-run-isolated.py -c "import pylint"

Linter 'pylint' is not installed. Please install it or select another linter".
Error: Module 'pylint' not installed.
> /usr/bin/python3 ~/.vscode-server/extensions/ms-python.python-2020.8.106424/pythonFiles/pyvsc-run-isolated.py -c "import sys;print(sys.prefix)"
cwd: ~/Statisk_Nettside
> /usr/bin/python3 ~/.vscode-server/extensions/ms-python.python-2020.8.106424/pythonFiles/pyvsc-run-isolated.py -c "import sys;print(sys.prefix)"
cwd: ~/Statisk_Nettside
> /usr/bin/python3 ~/.vscode-server/extensions/ms-python.python-2020.8.106424/pythonFiles/pyvsc-run-isolated.py -c "import sys;print(sys.executable)"
cwd: ~/Statisk_Nettside
> /usr/bin/python3 ~/.vscode-server/extensions/ms-python.python-2020.8.106424/pythonFiles/pyvsc-run-isolated.py -c "import sys;print(sys.executable)"
cwd: ~/Statisk_Nettside
> /usr/bin/python3 ~/.vscode-server/extensions/ms-python.python-2020.8.106424/pythonFiles/pyvsc-run-isolated.py -c "from distutils.sysconfig import get_python_lib; print(get_python_lib())"
cwd: ~/Statisk_Nettside
> /usr/bin/python3 ~/.vscode-server/extensions/ms-python.python-2020.8.106424/pythonFiles/pyvsc-run-isolated.py -c "from distutils.sysconfig import get_python_lib; print(get_python_lib())"
cwd: ~/Statisk_Nettside
> /usr/bin/python3 ~/.vscode-server/extensions/ms-python.python-2020.8.106424/pythonFiles/pyvsc-run-isolated.py site --user-site
cwd: ~/Statisk_Nettside
> /usr/bin/python3 ~/.vscode-server/extensions/ms-python.python-2020.8.106424/pythonFiles/pyvsc-run-isolated.py site --user-site
cwd: ~/Statisk_Nettside
> /usr/bin/python3 ~/.vscode-server/extensions/ms-python.python-2020.8.106424/pythonFiles/pyvsc-run-isolated.py ~/.vscode-server/extensions/ms-python.python-2020.8.106424/pythonFiles/completion.py
> /usr/bin/python3 ~/.vscode-server/extensions/ms-python.python-2020.8.106424/pythonFiles/pyvsc-run-isolated.py ~/.vscode-server/extensions/ms-python.python-2020.8.106424/pythonFiles/completion.py
Error 2020-09-09 05:10:07: stderr jediProxy Error (stderr) /home/pervazgolrang/.vscode-server/extensions/ms-python.python-2020.8.106424/pythonFiles/completion.py:584: DeprecationWarning: Deprecated since version 0.16.0. Use Script(...).get_names instead.
  jedi.api.names(

> /usr/bin/python3 ~/.vscode-server/extensions/ms-python.python-2020.8.106424/pythonFiles/pyvsc-run-isolated.py -c "import pip"
> /usr/bin/python3 ~/.vscode-server/extensions/ms-python.python-2020.8.106424/pythonFiles/pyvsc-run-isolated.py -c "import pip"
> /usr/bin/python3 ~/.vscode-server/extensions/ms-python.python-2020.8.106424/pythonFiles/pyvsc-run-isolated.py pylint --disable=all --enable=F,unreachable,duplicate-key,unnecessary-semicolon,global-variable-not-assigned,unused-variable,unused-wildcard-import,binary-op-exception,bad-format-string,anomalous-backslash-in-string,bad-open-mode,E0001,E0011,E0012,E0100,E0101,E0102,E0103,E0104,E0105,E0107,E0108,E0110,E0111,E0112,E0113,E0114,E0115,E0116,E0117,E0118,E0202,E0203,E0211,E0213,E0236,E0237,E0238,E0239,E0240,E0241,E0301,E0302,E0303,E0401,E0402,E0601,E0602,E0603,E0604,E0611,E0632,E0633,E0701,E0702,E0703,E0704,E0710,E0711,E0712,E1003,E1101,E1102,E1111,E1120,E1121,E1123,E1124,E1125,E1126,E1127,E1128,E1129,E1130,E1131,E1132,E1133,E1134,E1135,E1136,E1137,E1138,E1139,E1200,E1201,E1205,E1206,E1300,E1301,E1302,E1303,E1304,E1305,E1306,E1310,E1700,E1701 --msg-template='{line},{column},{category},{symbol}:{msg}' --reports=n --output-format=text ~/Statisk_Nettside/kjonn.py
cwd: ~/Statisk_Nettside
> /usr/bin/python3 ~/.vscode-server/extensions/ms-python.python-2020.8.106424/pythonFiles/pyvsc-run-isolated.py pylint --disable=all --enable=F,unreachable,duplicate-key,unnecessary-semicolon,global-variable-not-assigned,unused-variable,unused-wildcard-import,binary-op-exception,bad-format-string,anomalous-backslash-in-string,bad-open-mode,E0001,E0011,E0012,E0100,E0101,E0102,E0103,E0104,E0105,E0107,E0108,E0110,E0111,E0112,E0113,E0114,E0115,E0116,E0117,E0118,E0202,E0203,E0211,E0213,E0236,E0237,E0238,E0239,E0240,E0241,E0301,E0302,E0303,E0401,E0402,E0601,E0602,E0603,E0604,E0611,E0632,E0633,E0701,E0702,E0703,E0704,E0710,E0711,E0712,E1003,E1101,E1102,E1111,E1120,E1121,E1123,E1124,E1125,E1126,E1127,E1128,E1129,E1130,E1131,E1132,E1133,E1134,E1135,E1136,E1137,E1138,E1139,E1200,E1201,E1205,E1206,E1300,E1301,E1302,E1303,E1304,E1305,E1306,E1310,E1700,E1701 --msg-template='{line},{column},{category},{symbol}:{msg}' --reports=n --output-format=text ~/Statisk_Nettside/kjonn.py
cwd: ~/Statisk_Nettside
> /usr/bin/python3 ~/.vscode-server/extensions/ms-python.python-2020.8.106424/pythonFiles/pyvsc-run-isolated.py -c "import pylint"
> /usr/bin/python3 ~/.vscode-server/extensions/ms-python.python-2020.8.106424/pythonFiles/pyvsc-run-isolated.py -c "import pylint"
> /usr/bin/python3 ~/.vscode-server/extensions/ms-python.python-2020.8.106424/pythonFiles/pyvsc-run-isolated.py -c "import pylint"
> /usr/bin/python3 ~/.vscode-server/extensions/ms-python.python-2020.8.106424/pythonFiles/pyvsc-run-isolated.py -c "import pylint"

Linter 'pylint' is not installed. Please install it or select another linter".
Error: Module 'pylint' not installed.
> /usr/bin/python3 ~/.vscode-server/extensions/ms-python.python-2020.8.106424/pythonFiles/pyvsc-run-isolated.py -c "import pip"
> /usr/bin/python3 ~/.vscode-server/extensions/ms-python.python-2020.8.106424/pythonFiles/pyvsc-run-isolated.py -c "import pip"
Error 2020-09-09 05:11:32: stderr jediProxy Error (stderr) /home/pervazgolrang/.vscode-server/extensions/ms-python.python-2020.8.106424/pythonFiles/completion.py:592: DeprecationWarning: Providing the line is now done in the functions themselves like `Script(...).complete(line, column)`
  script = jedi.Script(
/home/pervazgolrang/.vscode-server/extensions/ms-python.python-2020.8.106424/pythonFiles/completion.py:592: DeprecationWarning: Providing the column is now done in the functions themselves like `Script(...).complete(line, column)`
  script = jedi.Script(

Error 2020-09-09 05:11:32: stderr jediProxy Error (stderr) /home/pervazgolrang/.vscode-server/extensions/ms-python.python-2020.8.106424/pythonFiles/completion.py:592: DeprecationWarning: Use the code keyword argument instead.
  script = jedi.Script(
/home/pervazgolrang/.vscode-server/extensions/ms-python.python-2020.8.106424/pythonFiles/completion.py:592: DeprecationWarning: Deprecated since version 0.17.0. Use the project API instead, which means Script(project=Project(dir, sys_path=sys_path)) instead.
  script = jedi.Script(
/home/pervazgolrang/.vscode-server/extensions/ms-python.python-2020.8.106424/pythonFiles/completion.py:105: DeprecationWarning: Deprecated since version 0.16.0. Use Script(...).get_signatures instead.
  call_signatures = script.call_signatures()
/home/pervazgolrang/.vscode-server/extensions/ms-python.python-2020.8.106424/pythonFiles/completion.py:230: DeprecationWarning: Deprecated since version 0.16.0. Use Script(...).complete instead.
  completions = script.completions()

Error 2020-09-09 05:11:35: stderr jediProxy Error (stderr) /home/pervazgolrang/.vscode-server/extensions/ms-python.python-2020.8.106424/pythonFiles/completion.py:626: DeprecationWarning: Deprecated since version 0.16.0. Use Script(...).infer instead.
  script.goto_definitions(), request["id"]

> /usr/bin/python3 ~/.vscode-server/extensions/ms-python.python-2020.8.106424/pythonFiles/pyvsc-run-isolated.py pylint --disable=all --enable=F,unreachable,duplicate-key,unnecessary-semicolon,global-variable-not-assigned,unused-variable,unused-wildcard-import,binary-op-exception,bad-format-string,anomalous-backslash-in-string,bad-open-mode,E0001,E0011,E0012,E0100,E0101,E0102,E0103,E0104,E0105,E0107,E0108,E0110,E0111,E0112,E0113,E0114,E0115,E0116,E0117,E0118,E0202,E0203,E0211,E0213,E0236,E0237,E0238,E0239,E0240,E0241,E0301,E0302,E0303,E0401,E0402,E0601,E0602,E0603,E0604,E0611,E0632,E0633,E0701,E0702,E0703,E0704,E0710,E0711,E0712,E1003,E1101,E1102,E1111,E1120,E1121,E1123,E1124,E1125,E1126,E1127,E1128,E1129,E1130,E1131,E1132,E1133,E1134,E1135,E1136,E1137,E1138,E1139,E1200,E1201,E1205,E1206,E1300,E1301,E1302,E1303,E1304,E1305,E1306,E1310,E1700,E1701 --msg-template='{line},{column},{category},{symbol}:{msg}' --reports=n --output-format=text ~/Statisk_Nettside/registrering.py
cwd: ~/Statisk_Nettside
> /usr/bin/python3 ~/.vscode-server/extensions/ms-python.python-2020.8.106424/pythonFiles/pyvsc-run-isolated.py pylint --disable=all --enable=F,unreachable,duplicate-key,unnecessary-semicolon,global-variable-not-assigned,unused-variable,unused-wildcard-import,binary-op-exception,bad-format-string,anomalous-backslash-in-string,bad-open-mode,E0001,E0011,E0012,E0100,E0101,E0102,E0103,E0104,E0105,E0107,E0108,E0110,E0111,E0112,E0113,E0114,E0115,E0116,E0117,E0118,E0202,E0203,E0211,E0213,E0236,E0237,E0238,E0239,E0240,E0241,E0301,E0302,E0303,E0401,E0402,E0601,E0602,E0603,E0604,E0611,E0632,E0633,E0701,E0702,E0703,E0704,E0710,E0711,E0712,E1003,E1101,E1102,E1111,E1120,E1121,E1123,E1124,E1125,E1126,E1127,E1128,E1129,E1130,E1131,E1132,E1133,E1134,E1135,E1136,E1137,E1138,E1139,E1200,E1201,E1205,E1206,E1300,E1301,E1302,E1303,E1304,E1305,E1306,E1310,E1700,E1701 --msg-template='{line},{column},{category},{symbol}:{msg}' --reports=n --output-format=text ~/Statisk_Nettside/registrering.py
cwd: ~/Statisk_Nettside
> /usr/bin/python3 ~/.vscode-server/extensions/ms-python.python-2020.8.106424/pythonFiles/pyvsc-run-isolated.py -c "import pylint"
> /usr/bin/python3 ~/.vscode-server/extensions/ms-python.python-2020.8.106424/pythonFiles/pyvsc-run-isolated.py -c "import pylint"
> /usr/bin/python3 ~/.vscode-server/extensions/ms-python.python-2020.8.106424/pythonFiles/pyvsc-run-isolated.py -c "import pylint"
> /usr/bin/python3 ~/.vscode-server/extensions/ms-python.python-2020.8.106424/pythonFiles/pyvsc-run-isolated.py -c "import pylint"

Linter 'pylint' is not installed. Please install it or select another linter".
Error: Module 'pylint' not installed.
> /usr/bin/python3 ~/.vscode-server/extensions/ms-python.python-2020.8.106424/pythonFiles/pyvsc-run-isolated.py -c "import pip"
> /usr/bin/python3 ~/.vscode-server/extensions/ms-python.python-2020.8.106424/pythonFiles/pyvsc-run-isolated.py -c "import pip"
Error 2020-09-09 05:15:17: stderr jediProxy Error (stderr) /home/pervazgolrang/.vscode-server/extensions/ms-python.python-2020.8.106424/pythonFiles/completion.py:144: DeprecationWarning: Deprecated since version 0.16.0. Use Script(...).get_signatures instead.
  call_signatures = script.call_signatures()

Error 2020-09-09 05:16:56: stderr jediProxy Error (stderr) /home/pervazgolrang/.vscode-server/extensions/ms-python.python-2020.8.106424/pythonFiles/completion.py:592: DeprecationWarning: Providing the line is now done in the functions themselves like `Script(...).complete(line, column)`
  script = jedi.Script(
/home/pervazgolrang/.vscode-server/extensions/ms-python.python-2020.8.106424/pythonFiles/completion.py:592: DeprecationWarning: Providing the column is now done in the functions themselves like `Script(...).complete(line, column)`
  script = jedi.Script(
/home/pervazgolrang/.vscode-server/extensions/ms-python.python-2020.8.106424/pythonFiles/completion.py:592: DeprecationWarning: Use the code keyword argument instead.
  script = jedi.Script(
/home/pervazgolrang/.vscode-server/extensions/ms-python.python-2020.8.106424/pythonFiles/completion.py:592: DeprecationWarning: Deprecated since version 0.17.0. Use the project API instead, which means Script(project=Project(dir, sys_path=sys_path)) instead.
  script = jedi.Script(
/home/pervazgolrang/.vscode-server/extensions/ms-python.python-2020.8.106424/pythonFiles/completion.py:105: DeprecationWarning: Deprecated since version 0.16.0. Use Script(...).get_signatures instead.
  call_signatures = script.call_signatures()
/home/pervazgolrang/.vscode-server/extensions/ms-python.python-2020.8.106424/pythonFiles/completion.py:230: DeprecationWarning: Deprecated since version 0.16.0. Use Script(...).complete instead.
  completions = script.completions()

Error 2020-09-09 05:17:01: stderr jediProxy Error (stderr) /home/pervazgolrang/.vscode-server/extensions/ms-python.python-2020.8.106424/pythonFiles/completion.py:584: DeprecationWarning: Deprecated since version 0.16.0. Use Script(...).get_names instead.
  jedi.api.names(

Error 2020-09-09 05:17:05: stderr jediProxy Error (stderr) /home/pervazgolrang/.vscode-server/extensions/ms-python.python-2020.8.106424/pythonFiles/completion.py:584: DeprecationWarning: Deprecated since version 0.16.0. Use Script(...).get_names instead.
  jedi.api.names(

Error 2020-09-09 05:17:05: stderr jediProxy Error (stderr) /home/pervazgolrang/.vscode-server/extensions/ms-python.python-2020.8.106424/pythonFiles/completion.py:592: DeprecationWarning: Providing the line is now done in the functions themselves like `Script(...).complete(line, column)`
  script = jedi.Script(
/home/pervazgolrang/.vscode-server/extensions/ms-python.python-2020.8.106424/pythonFiles/completion.py:592: DeprecationWarning: Providing the column is now done in the functions themselves like `Script(...).complete(line, column)`
  script = jedi.Script(

Error 2020-09-09 05:17:05: stderr jediProxy Error (stderr) /home/pervazgolrang/.vscode-server/extensions/ms-python.python-2020.8.106424/pythonFiles/completion.py:592: DeprecationWarning: Use the code keyword argument instead.
  script = jedi.Script(
/home/pervazgolrang/.vscode-server/extensions/ms-python.python-2020.8.106424/pythonFiles/completion.py:592: DeprecationWarning: Deprecated since version 0.17.0. Use the project API instead, which means Script(project=Project(dir, sys_path=sys_path)) instead.
  script = jedi.Script(

Error 2020-09-09 05:17:05: stderr jediProxy Error (stderr) /home/pervazgolrang/.vscode-server/extensions/ms-python.python-2020.8.106424/pythonFiles/completion.py:105: DeprecationWarning: Deprecated since version 0.16.0. Use Script(...).get_signatures instead.
  call_signatures = script.call_signatures()

Error 2020-09-09 05:17:05: stderr jediProxy Error (stderr) /home/pervazgolrang/.vscode-server/extensions/ms-python.python-2020.8.106424/pythonFiles/completion.py:230: DeprecationWarning: Deprecated since version 0.16.0. Use Script(...).complete instead.
  completions = script.completions()

Error 2020-09-09 05:17:05: stderr jediProxy Error (stderr) /home/pervazgolrang/.vscode-server/extensions/ms-python.python-2020.8.106424/pythonFiles/completion.py:626: DeprecationWarning: Deprecated since version 0.16.0. Use Script(...).infer instead.
  script.goto_definitions(), request["id"]

Error 2020-09-09 05:17:09: stderr jediProxy Error (stderr) /home/pervazgolrang/.vscode-server/extensions/ms-python.python-2020.8.106424/pythonFiles/completion.py:584: DeprecationWarning: Deprecated since version 0.16.0. Use Script(...).get_names instead.
  jedi.api.names(

Error 2020-09-09 05:18:43: stderr jediProxy Error (stderr) /home/pervazgolrang/.vscode-server/extensions/ms-python.python-2020.8.106424/pythonFiles/completion.py:592: DeprecationWarning: Providing the line is now done in the functions themselves like `Script(...).complete(line, column)`
  script = jedi.Script(
/home/pervazgolrang/.vscode-server/extensions/ms-python.python-2020.8.106424/pythonFiles/completion.py:592: DeprecationWarning: Providing the column is now done in the functions themselves like `Script(...).complete(line, column)`
  script = jedi.Script(
/home/pervazgolrang/.vscode-server/extensions/ms-python.python-2020.8.106424/pythonFiles/completion.py:592: DeprecationWarning: Use the code keyword argument instead.
  script = jedi.Script(

Error 2020-09-09 05:18:43: stderr jediProxy Error (stderr) /home/pervazgolrang/.vscode-server/extensions/ms-python.python-2020.8.106424/pythonFiles/completion.py:592: DeprecationWarning: Deprecated since version 0.17.0. Use the project API instead, which means Script(project=Project(dir, sys_path=sys_path)) instead.
  script = jedi.Script(
/home/pervazgolrang/.vscode-server/extensions/ms-python.python-2020.8.106424/pythonFiles/completion.py:626: DeprecationWarning: Deprecated since version 0.16.0. Use Script(...).infer instead.
  script.goto_definitions(), request["id"]

> /usr/bin/python3 ~/.vscode-server/extensions/ms-python.python-2020.8.106424/pythonFiles/pyvsc-run-isolated.py pylint --disable=all --enable=F,unreachable,duplicate-key,unnecessary-semicolon,global-variable-not-assigned,unused-variable,unused-wildcard-import,binary-op-exception,bad-format-string,anomalous-backslash-in-string,bad-open-mode,E0001,E0011,E0012,E0100,E0101,E0102,E0103,E0104,E0105,E0107,E0108,E0110,E0111,E0112,E0113,E0114,E0115,E0116,E0117,E0118,E0202,E0203,E0211,E0213,E0236,E0237,E0238,E0239,E0240,E0241,E0301,E0302,E0303,E0401,E0402,E0601,E0602,E0603,E0604,E0611,E0632,E0633,E0701,E0702,E0703,E0704,E0710,E0711,E0712,E1003,E1101,E1102,E1111,E1120,E1121,E1123,E1124,E1125,E1126,E1127,E1128,E1129,E1130,E1131,E1132,E1133,E1134,E1135,E1136,E1137,E1138,E1139,E1200,E1201,E1205,E1206,E1300,E1301,E1302,E1303,E1304,E1305,E1306,E1310,E1700,E1701 --msg-template='{line},{column},{category},{symbol}:{msg}' --reports=n --output-format=text ~/Statisk_Nettside/laan.py
cwd: ~/Statisk_Nettside
> /usr/bin/python3 ~/.vscode-server/extensions/ms-python.python-2020.8.106424/pythonFiles/pyvsc-run-isolated.py pylint --disable=all --enable=F,unreachable,duplicate-key,unnecessary-semicolon,global-variable-not-assigned,unused-variable,unused-wildcard-import,binary-op-exception,bad-format-string,anomalous-backslash-in-string,bad-open-mode,E0001,E0011,E0012,E0100,E0101,E0102,E0103,E0104,E0105,E0107,E0108,E0110,E0111,E0112,E0113,E0114,E0115,E0116,E0117,E0118,E0202,E0203,E0211,E0213,E0236,E0237,E0238,E0239,E0240,E0241,E0301,E0302,E0303,E0401,E0402,E0601,E0602,E0603,E0604,E0611,E0632,E0633,E0701,E0702,E0703,E0704,E0710,E0711,E0712,E1003,E1101,E1102,E1111,E1120,E1121,E1123,E1124,E1125,E1126,E1127,E1128,E1129,E1130,E1131,E1132,E1133,E1134,E1135,E1136,E1137,E1138,E1139,E1200,E1201,E1205,E1206,E1300,E1301,E1302,E1303,E1304,E1305,E1306,E1310,E1700,E1701 --msg-template='{line},{column},{category},{symbol}:{msg}' --reports=n --output-format=text ~/Statisk_Nettside/laan.py
cwd: ~/Statisk_Nettside
Error 2020-09-09 05:19:02: stderr jediProxy Error (stderr) /home/pervazgolrang/.vscode-server/extensions/ms-python.python-2020.8.106424/pythonFiles/completion.py:584: DeprecationWarning: Deprecated since version 0.16.0. Use Script(...).get_names instead.
  jedi.api.names(

> /usr/bin/python3 ~/.vscode-server/extensions/ms-python.python-2020.8.106424/pythonFiles/pyvsc-run-isolated.py -c "import pylint"
> /usr/bin/python3 ~/.vscode-server/extensions/ms-python.python-2020.8.106424/pythonFiles/pyvsc-run-isolated.py -c "import pylint"
> /usr/bin/python3 ~/.vscode-server/extensions/ms-python.python-2020.8.106424/pythonFiles/pyvsc-run-isolated.py -c "import pylint"
> /usr/bin/python3 ~/.vscode-server/extensions/ms-python.python-2020.8.106424/pythonFiles/pyvsc-run-isolated.py -c "import pylint"

Linter 'pylint' is not installed. Please install it or select another linter".
Error: Module 'pylint' not installed.
Error 2020-09-09 05:19:03: stderr jediProxy Error (stderr) /home/pervazgolrang/.vscode-server/extensions/ms-python.python-2020.8.106424/pythonFiles/completion.py:105: DeprecationWarning: Deprecated since version 0.16.0. Use Script(...).get_signatures instead.
  call_signatures = script.call_signatures()

Error 2020-09-09 05:19:03: stderr jediProxy Error (stderr) /home/pervazgolrang/.vscode-server/extensions/ms-python.python-2020.8.106424/pythonFiles/completion.py:230: DeprecationWarning: Deprecated since version 0.16.0. Use Script(...).complete instead.
  completions = script.completions()

Error 2020-09-09 05:19:23: stderr jediProxy Error (stderr) /home/pervazgolrang/.vscode-server/extensions/ms-python.python-2020.8.106424/pythonFiles/completion.py:144: DeprecationWarning: Deprecated since version 0.16.0. Use Script(...).get_signatures instead.
  call_signatures = script.call_signatures()

Error 2020-09-09 05:25:40: stderr jediProxy Error (stderr) /home/pervazgolrang/.vscode-server/extensions/ms-python.python-2020.8.106424/pythonFiles/completion.py:592: DeprecationWarning: Providing the line is now done in the functions themselves like `Script(...).complete(line, column)`
  script = jedi.Script(
/home/pervazgolrang/.vscode-server/extensions/ms-python.python-2020.8.106424/pythonFiles/completion.py:592: DeprecationWarning: Providing the column is now done in the functions themselves like `Script(...).complete(line, column)`
  script = jedi.Script(

Error 2020-09-09 05:25:40: stderr jediProxy Error (stderr) /home/pervazgolrang/.vscode-server/extensions/ms-python.python-2020.8.106424/pythonFiles/completion.py:592: DeprecationWarning: Use the code keyword argument instead.
  script = jedi.Script(
/home/pervazgolrang/.vscode-server/extensions/ms-python.python-2020.8.106424/pythonFiles/completion.py:592: DeprecationWarning: Deprecated since version 0.17.0. Use the project API instead, which means Script(project=Project(dir, sys_path=sys_path)) instead.
  script = jedi.Script(

Error 2020-09-09 05:25:40: stderr jediProxy Error (stderr) /home/pervazgolrang/.vscode-server/extensions/ms-python.python-2020.8.106424/pythonFiles/completion.py:144: DeprecationWarning: Deprecated since version 0.16.0. Use Script(...).get_signatures instead.
  call_signatures = script.call_signatures()

Error 2020-09-09 05:25:40: stderr jediProxy Error (stderr) /home/pervazgolrang/.vscode-server/extensions/ms-python.python-2020.8.106424/pythonFiles/completion.py:105: DeprecationWarning: Deprecated since version 0.16.0. Use Script(...).get_signatures instead.
  call_signatures = script.call_signatures()

Error 2020-09-09 05:25:40: stderr jediProxy Error (stderr) /home/pervazgolrang/.vscode-server/extensions/ms-python.python-2020.8.106424/pythonFiles/completion.py:230: DeprecationWarning: Deprecated since version 0.16.0. Use Script(...).complete instead.
  completions = script.completions()

Error 2020-09-09 05:25:43: stderr jediProxy Error (stderr) /home/pervazgolrang/.vscode-server/extensions/ms-python.python-2020.8.106424/pythonFiles/completion.py:584: DeprecationWarning: Deprecated since version 0.16.0. Use Script(...).get_names instead.
  jedi.api.names(

Error 2020-09-09 05:25:46: stderr jediProxy Error (stderr) /home/pervazgolrang/.vscode-server/extensions/ms-python.python-2020.8.106424/pythonFiles/completion.py:584: DeprecationWarning: Deprecated since version 0.16.0. Use Script(...).get_names instead.
  jedi.api.names(

Error 2020-09-09 05:25:47: stderr jediProxy Error (stderr) /home/pervazgolrang/.vscode-server/extensions/ms-python.python-2020.8.106424/pythonFiles/completion.py:584: DeprecationWarning: Deprecated since version 0.16.0. Use Script(...).get_names instead.
  jedi.api.names(

Error 2020-09-09 05:25:52: stderr jediProxy Error (stderr) /home/pervazgolrang/.vscode-server/extensions/ms-python.python-2020.8.106424/pythonFiles/completion.py:592: DeprecationWarning: Providing the line is now done in the functions themselves like `Script(...).complete(line, column)`
  script = jedi.Script(
/home/pervazgolrang/.vscode-server/extensions/ms-python.python-2020.8.106424/pythonFiles/completion.py:592: DeprecationWarning: Providing the column is now done in the functions themselves like `Script(...).complete(line, column)`
  script = jedi.Script(
/home/pervazgolrang/.vscode-server/extensions/ms-python.python-2020.8.106424/pythonFiles/completion.py:592: DeprecationWarning: Use the code keyword argument instead.
  script = jedi.Script(
/home/pervazgolrang/.vscode-server/extensions/ms-python.python-2020.8.106424/pythonFiles/completion.py:592: DeprecationWarning: Deprecated since version 0.17.0. Use the project API instead, which means Script(project=Project(dir, sys_path=sys_path)) instead.
  script = jedi.Script(

Error 2020-09-09 05:25:52: stderr jediProxy Error (stderr) /home/pervazgolrang/.vscode-server/extensions/ms-python.python-2020.8.106424/pythonFiles/completion.py:105: DeprecationWarning: Deprecated since version 0.16.0. Use Script(...).get_signatures instead.
  call_signatures = script.call_signatures()

Error 2020-09-09 05:25:52: stderr jediProxy Error (stderr) /home/pervazgolrang/.vscode-server/extensions/ms-python.python-2020.8.106424/pythonFiles/completion.py:230: DeprecationWarning: Deprecated since version 0.16.0. Use Script(...).complete instead.
  completions = script.completions()

Error 2020-09-09 05:25:53: stderr jediProxy Error (stderr) /home/pervazgolrang/.vscode-server/extensions/ms-python.python-2020.8.106424/pythonFiles/completion.py:144: DeprecationWarning: Deprecated since version 0.16.0. Use Script(...).get_signatures instead.
  call_signatures = script.call_signatures()

Error 2020-09-09 05:25:55: stderr jediProxy Error (stderr) /home/pervazgolrang/.vscode-server/extensions/ms-python.python-2020.8.106424/pythonFiles/completion.py:584: DeprecationWarning: Deprecated since version 0.16.0. Use Script(...).get_names instead.
  jedi.api.names(

Error 2020-09-09 05:26:08: stderr jediProxy Error (stderr) /home/pervazgolrang/.vscode-server/extensions/ms-python.python-2020.8.106424/pythonFiles/completion.py:592: DeprecationWarning: Providing the line is now done in the functions themselves like `Script(...).complete(line, column)`
  script = jedi.Script(

Error 2020-09-09 05:26:08: stderr jediProxy Error (stderr) /home/pervazgolrang/.vscode-server/extensions/ms-python.python-2020.8.106424/pythonFiles/completion.py:592: DeprecationWarning: Providing the column is now done in the functions themselves like `Script(...).complete(line, column)`
  script = jedi.Script(
/home/pervazgolrang/.vscode-server/extensions/ms-python.python-2020.8.106424/pythonFiles/completion.py:592: DeprecationWarning: Use the code keyword argument instead.
  script = jedi.Script(
/home/pervazgolrang/.vscode-server/extensions/ms-python.python-2020.8.106424/pythonFiles/completion.py:592: DeprecationWarning: Deprecated since version 0.17.0. Use the project API instead, which means Script(project=Project(dir, sys_path=sys_path)) instead.
  script = jedi.Script(
/home/pervazgolrang/.vscode-server/extensions/ms-python.python-2020.8.106424/pythonFiles/completion.py:626: DeprecationWarning: Deprecated since version 0.16.0. Use Script(...).infer instead.
  script.goto_definitions(), request["id"]

Error 2020-09-09 05:26:20: stderr jediProxy Error (stderr) /home/pervazgolrang/.vscode-server/extensions/ms-python.python-2020.8.106424/pythonFiles/completion.py:592: DeprecationWarning: Providing the line is now done in the functions themselves like `Script(...).complete(line, column)`
  script = jedi.Script(
/home/pervazgolrang/.vscode-server/extensions/ms-python.python-2020.8.106424/pythonFiles/completion.py:592: DeprecationWarning: Providing the column is now done in the functions themselves like `Script(...).complete(line, column)`
  script = jedi.Script(

Error 2020-09-09 05:26:20: stderr jediProxy Error (stderr) /home/pervazgolrang/.vscode-server/extensions/ms-python.python-2020.8.106424/pythonFiles/completion.py:592: DeprecationWarning: Use the code keyword argument instead.
  script = jedi.Script(
/home/pervazgolrang/.vscode-server/extensions/ms-python.python-2020.8.106424/pythonFiles/completion.py:592: DeprecationWarning: Deprecated since version 0.17.0. Use the project API instead, which means Script(project=Project(dir, sys_path=sys_path)) instead.
  script = jedi.Script(

Error 2020-09-09 05:26:20: stderr jediProxy Error (stderr) /home/pervazgolrang/.vscode-server/extensions/ms-python.python-2020.8.106424/pythonFiles/completion.py:144: DeprecationWarning: Deprecated since version 0.16.0. Use Script(...).get_signatures instead.
  call_signatures = script.call_signatures()

Error 2020-09-09 05:26:23: stderr jediProxy Error (stderr) /home/pervazgolrang/.vscode-server/extensions/ms-python.python-2020.8.106424/pythonFiles/completion.py:584: DeprecationWarning: Deprecated since version 0.16.0. Use Script(...).get_names instead.
  jedi.api.names(

Error 2020-09-09 05:26:36: stderr jediProxy Error (stderr) /home/pervazgolrang/.vscode-server/extensions/ms-python.python-2020.8.106424/pythonFiles/completion.py:592: DeprecationWarning: Providing the line is now done in the functions themselves like `Script(...).complete(line, column)`
  script = jedi.Script(

Error 2020-09-09 05:26:36: stderr jediProxy Error (stderr) /home/pervazgolrang/.vscode-server/extensions/ms-python.python-2020.8.106424/pythonFiles/completion.py:592: DeprecationWarning: Providing the column is now done in the functions themselves like `Script(...).complete(line, column)`
  script = jedi.Script(
/home/pervazgolrang/.vscode-server/extensions/ms-python.python-2020.8.106424/pythonFiles/completion.py:592: DeprecationWarning: Use the code keyword argument instead.
  script = jedi.Script(
/home/pervazgolrang/.vscode-server/extensions/ms-python.python-2020.8.106424/pythonFiles/completion.py:592: DeprecationWarning: Deprecated since version 0.17.0. Use the project API instead, which means Script(project=Project(dir, sys_path=sys_path)) instead.
  script = jedi.Script(

Error 2020-09-09 05:26:36: stderr jediProxy Error (stderr) /home/pervazgolrang/.vscode-server/extensions/ms-python.python-2020.8.106424/pythonFiles/completion.py:105: DeprecationWarning: Deprecated since version 0.16.0. Use Script(...).get_signatures instead.
  call_signatures = script.call_signatures()

Error 2020-09-09 05:26:36: stderr jediProxy Error (stderr) /home/pervazgolrang/.vscode-server/extensions/ms-python.python-2020.8.106424/pythonFiles/completion.py:230: DeprecationWarning: Deprecated since version 0.16.0. Use Script(...).complete instead.
  completions = script.completions()

Error 2020-09-09 05:26:38: stderr jediProxy Error (stderr) /home/pervazgolrang/.vscode-server/extensions/ms-python.python-2020.8.106424/pythonFiles/completion.py:584: DeprecationWarning: Deprecated since version 0.16.0. Use Script(...).get_names instead.
  jedi.api.names(

Error 2020-09-09 05:26:43: stderr jediProxy Error (stderr) /home/pervazgolrang/.vscode-server/extensions/ms-python.python-2020.8.106424/pythonFiles/completion.py:592: DeprecationWarning: Providing the line is now done in the functions themselves like `Script(...).complete(line, column)`
  script = jedi.Script(

Error 2020-09-09 05:26:43: stderr jediProxy Error (stderr) /home/pervazgolrang/.vscode-server/extensions/ms-python.python-2020.8.106424/pythonFiles/completion.py:592: DeprecationWarning: Providing the column is now done in the functions themselves like `Script(...).complete(line, column)`
  script = jedi.Script(
/home/pervazgolrang/.vscode-server/extensions/ms-python.python-2020.8.106424/pythonFiles/completion.py:592: DeprecationWarning: Use the code keyword argument instead.
  script = jedi.Script(
/home/pervazgolrang/.vscode-server/extensions/ms-python.python-2020.8.106424/pythonFiles/completion.py:592: DeprecationWarning: Deprecated since version 0.17.0. Use the project API instead, which means Script(project=Project(dir, sys_path=sys_path)) instead.
  script = jedi.Script(

Error 2020-09-09 05:26:43: stderr jediProxy Error (stderr) /home/pervazgolrang/.vscode-server/extensions/ms-python.python-2020.8.106424/pythonFiles/completion.py:105: DeprecationWarning: Deprecated since version 0.16.0. Use Script(...).get_signatures instead.
  call_signatures = script.call_signatures()

Error 2020-09-09 05:26:43: stderr jediProxy Error (stderr) /home/pervazgolrang/.vscode-server/extensions/ms-python.python-2020.8.106424/pythonFiles/completion.py:230: DeprecationWarning: Deprecated since version 0.16.0. Use Script(...).complete instead.
  completions = script.completions()

Error 2020-09-09 05:26:46: stderr jediProxy Error (stderr) /home/pervazgolrang/.vscode-server/extensions/ms-python.python-2020.8.106424/pythonFiles/completion.py:584: DeprecationWarning: Deprecated since version 0.16.0. Use Script(...).get_names instead.
  jedi.api.names(

Error 2020-09-09 05:26:47: stderr jediProxy Error (stderr) /home/pervazgolrang/.vscode-server/extensions/ms-python.python-2020.8.106424/pythonFiles/completion.py:592: DeprecationWarning: Providing the line is now done in the functions themselves like `Script(...).complete(line, column)`
  script = jedi.Script(

Error 2020-09-09 05:26:47: stderr jediProxy Error (stderr) /home/pervazgolrang/.vscode-server/extensions/ms-python.python-2020.8.106424/pythonFiles/completion.py:592: DeprecationWarning: Providing the column is now done in the functions themselves like `Script(...).complete(line, column)`
  script = jedi.Script(
/home/pervazgolrang/.vscode-server/extensions/ms-python.python-2020.8.106424/pythonFiles/completion.py:592: DeprecationWarning: Use the code keyword argument instead.
  script = jedi.Script(
/home/pervazgolrang/.vscode-server/extensions/ms-python.python-2020.8.106424/pythonFiles/completion.py:592: DeprecationWarning: Deprecated since version 0.17.0. Use the project API instead, which means Script(project=Project(dir, sys_path=sys_path)) instead.
  script = jedi.Script(

Error 2020-09-09 05:26:47: stderr jediProxy Error (stderr) /home/pervazgolrang/.vscode-server/extensions/ms-python.python-2020.8.106424/pythonFiles/completion.py:144: DeprecationWarning: Deprecated since version 0.16.0. Use Script(...).get_signatures instead.
  call_signatures = script.call_signatures()

Error 2020-09-09 05:26:48: stderr jediProxy Error (stderr) /home/pervazgolrang/.vscode-server/extensions/ms-python.python-2020.8.106424/pythonFiles/completion.py:584: DeprecationWarning: Deprecated since version 0.16.0. Use Script(...).get_names instead.
  jedi.api.names(

Error 2020-09-09 05:26:58: stderr jediProxy Error (stderr) /home/pervazgolrang/.vscode-server/extensions/ms-python.python-2020.8.106424/pythonFiles/completion.py:592: DeprecationWarning: Providing the line is now done in the functions themselves like `Script(...).complete(line, column)`
  script = jedi.Script(
/home/pervazgolrang/.vscode-server/extensions/ms-python.python-2020.8.106424/pythonFiles/completion.py:592: DeprecationWarning: Providing the column is now done in the functions themselves like `Script(...).complete(line, column)`
  script = jedi.Script(

Error 2020-09-09 05:26:58: stderr jediProxy Error (stderr) /home/pervazgolrang/.vscode-server/extensions/ms-python.python-2020.8.106424/pythonFiles/completion.py:592: DeprecationWarning: Use the code keyword argument instead.
  script = jedi.Script(
/home/pervazgolrang/.vscode-server/extensions/ms-python.python-2020.8.106424/pythonFiles/completion.py:592: DeprecationWarning: Deprecated since version 0.17.0. Use the project API instead, which means Script(project=Project(dir, sys_path=sys_path)) instead.
  script = jedi.Script(

Error 2020-09-09 05:26:58: stderr jediProxy Error (stderr) /home/pervazgolrang/.vscode-server/extensions/ms-python.python-2020.8.106424/pythonFiles/completion.py:144: DeprecationWarning: Deprecated since version 0.16.0. Use Script(...).get_signatures instead.
  call_signatures = script.call_signatures()

Error 2020-09-09 05:26:58: stderr jediProxy Error (stderr) /home/pervazgolrang/.vscode-server/extensions/ms-python.python-2020.8.106424/pythonFiles/completion.py:105: DeprecationWarning: Deprecated since version 0.16.0. Use Script(...).get_signatures instead.
  call_signatures = script.call_signatures()

Error 2020-09-09 05:26:58: stderr jediProxy Error (stderr) /home/pervazgolrang/.vscode-server/extensions/ms-python.python-2020.8.106424/pythonFiles/completion.py:230: DeprecationWarning: Deprecated since version 0.16.0. Use Script(...).complete instead.
  completions = script.completions()

Error 2020-09-09 05:26:58: stderr jediProxy Error (stderr) /home/pervazgolrang/.vscode-server/extensions/ms-python.python-2020.8.106424/pythonFiles/completion.py:584: DeprecationWarning: Deprecated since version 0.16.0. Use Script(...).get_names instead.
  jedi.api.names(

Error 2020-09-09 05:26:58: stderr jediProxy Error (stderr) /home/pervazgolrang/.vscode-server/extensions/ms-python.python-2020.8.106424/pythonFiles/completion.py:592: DeprecationWarning: Providing the line is now done in the functions themselves like `Script(...).complete(line, column)`
  script = jedi.Script(

Error 2020-09-09 05:26:58: stderr jediProxy Error (stderr) /home/pervazgolrang/.vscode-server/extensions/ms-python.python-2020.8.106424/pythonFiles/completion.py:592: DeprecationWarning: Providing the column is now done in the functions themselves like `Script(...).complete(line, column)`
  script = jedi.Script(
/home/pervazgolrang/.vscode-server/extensions/ms-python.python-2020.8.106424/pythonFiles/completion.py:592: DeprecationWarning: Use the code keyword argument instead.
  script = jedi.Script(
/home/pervazgolrang/.vscode-server/extensions/ms-python.python-2020.8.106424/pythonFiles/completion.py:592: DeprecationWarning: Deprecated since version 0.17.0. Use the project API instead, which means Script(project=Project(dir, sys_path=sys_path)) instead.
  script = jedi.Script(

Error 2020-09-09 05:26:58: stderr jediProxy Error (stderr) /home/pervazgolrang/.vscode-server/extensions/ms-python.python-2020.8.106424/pythonFiles/completion.py:105: DeprecationWarning: Deprecated since version 0.16.0. Use Script(...).get_signatures instead.
  call_signatures = script.call_signatures()

Error 2020-09-09 05:26:58: stderr jediProxy Error (stderr) /home/pervazgolrang/.vscode-server/extensions/ms-python.python-2020.8.106424/pythonFiles/completion.py:230: DeprecationWarning: Deprecated since version 0.16.0. Use Script(...).complete instead.
  completions = script.completions()

Error 2020-09-09 05:27:00: stderr jediProxy Error (stderr) /home/pervazgolrang/.vscode-server/extensions/ms-python.python-2020.8.106424/pythonFiles/completion.py:144: DeprecationWarning: Deprecated since version 0.16.0. Use Script(...).get_signatures instead.
  call_signatures = script.call_signatures()

Error 2020-09-09 05:27:01: stderr jediProxy Error (stderr) /home/pervazgolrang/.vscode-server/extensions/ms-python.python-2020.8.106424/pythonFiles/completion.py:584: DeprecationWarning: Deprecated since version 0.16.0. Use Script(...).get_names instead.
  jedi.api.names(

Error 2020-09-09 05:27:01: stderr jediProxy Error (stderr) /home/pervazgolrang/.vscode-server/extensions/ms-python.python-2020.8.106424/pythonFiles/completion.py:592: DeprecationWarning: Providing the line is now done in the functions themselves like `Script(...).complete(line, column)`
  script = jedi.Script(

Error 2020-09-09 05:27:01: stderr jediProxy Error (stderr) /home/pervazgolrang/.vscode-server/extensions/ms-python.python-2020.8.106424/pythonFiles/completion.py:592: DeprecationWarning: Providing the column is now done in the functions themselves like `Script(...).complete(line, column)`
  script = jedi.Script(
/home/pervazgolrang/.vscode-server/extensions/ms-python.python-2020.8.106424/pythonFiles/completion.py:592: DeprecationWarning: Use the code keyword argument instead.
  script = jedi.Script(
/home/pervazgolrang/.vscode-server/extensions/ms-python.python-2020.8.106424/pythonFiles/completion.py:592: DeprecationWarning: Deprecated since version 0.17.0. Use the project API instead, which means Script(project=Project(dir, sys_path=sys_path)) instead.
  script = jedi.Script(

Error 2020-09-09 05:27:01: stderr jediProxy Error (stderr) /home/pervazgolrang/.vscode-server/extensions/ms-python.python-2020.8.106424/pythonFiles/completion.py:105: DeprecationWarning: Deprecated since version 0.16.0. Use Script(...).get_signatures instead.
  call_signatures = script.call_signatures()

Error 2020-09-09 05:27:01: stderr jediProxy Error (stderr) /home/pervazgolrang/.vscode-server/extensions/ms-python.python-2020.8.106424/pythonFiles/completion.py:230: DeprecationWarning: Deprecated since version 0.16.0. Use Script(...).complete instead.
  completions = script.completions()

Error 2020-09-09 05:27:02: stderr jediProxy Error (stderr) /home/pervazgolrang/.vscode-server/extensions/ms-python.python-2020.8.106424/pythonFiles/completion.py:584: DeprecationWarning: Deprecated since version 0.16.0. Use Script(...).get_names instead.
  jedi.api.names(

Error 2020-09-09 05:27:03: stderr jediProxy Error (stderr) /home/pervazgolrang/.vscode-server/extensions/ms-python.python-2020.8.106424/pythonFiles/completion.py:592: DeprecationWarning: Providing the line is now done in the functions themselves like `Script(...).complete(line, column)`
  script = jedi.Script(
/home/pervazgolrang/.vscode-server/extensions/ms-python.python-2020.8.106424/pythonFiles/completion.py:592: DeprecationWarning: Providing the column is now done in the functions themselves like `Script(...).complete(line, column)`
  script = jedi.Script(
/home/pervazgolrang/.vscode-server/extensions/ms-python.python-2020.8.106424/pythonFiles/completion.py:592: DeprecationWarning: Use the code keyword argument instead.
  script = jedi.Script(
/home/pervazgolrang/.vscode-server/extensions/ms-python.python-2020.8.106424/pythonFiles/completion.py:592: DeprecationWarning: Deprecated since version 0.17.0. Use the project API instead, which means Script(project=Project(dir, sys_path=sys_path)) instead.
  script = jedi.Script(

Error 2020-09-09 05:27:03: stderr jediProxy Error (stderr) /home/pervazgolrang/.vscode-server/extensions/ms-python.python-2020.8.106424/pythonFiles/completion.py:105: DeprecationWarning: Deprecated since version 0.16.0. Use Script(...).get_signatures instead.
  call_signatures = script.call_signatures()

Error 2020-09-09 05:27:03: stderr jediProxy Error (stderr) /home/pervazgolrang/.vscode-server/extensions/ms-python.python-2020.8.106424/pythonFiles/completion.py:230: DeprecationWarning: Deprecated since version 0.16.0. Use Script(...).complete instead.
  completions = script.completions()

Error 2020-09-09 05:27:10: stderr jediProxy Error (stderr) /home/pervazgolrang/.vscode-server/extensions/ms-python.python-2020.8.106424/pythonFiles/completion.py:584: DeprecationWarning: Deprecated since version 0.16.0. Use Script(...).get_names instead.
  jedi.api.names(

Error 2020-09-09 05:27:12: stderr jediProxy Error (stderr) /home/pervazgolrang/.vscode-server/extensions/ms-python.python-2020.8.106424/pythonFiles/completion.py:584: DeprecationWarning: Deprecated since version 0.16.0. Use Script(...).get_names instead.
  jedi.api.names(

Error 2020-09-09 05:27:16: stderr jediProxy Error (stderr) /home/pervazgolrang/.vscode-server/extensions/ms-python.python-2020.8.106424/pythonFiles/completion.py:584: DeprecationWarning: Deprecated since version 0.16.0. Use Script(...).get_names instead.
  jedi.api.names(

Error 2020-09-09 05:27:17: stderr jediProxy Error (stderr) /home/pervazgolrang/.vscode-server/extensions/ms-python.python-2020.8.106424/pythonFiles/completion.py:584: DeprecationWarning: Deprecated since version 0.16.0. Use Script(...).get_names instead.
  jedi.api.names(

Error 2020-09-09 05:27:19: stderr jediProxy Error (stderr) /home/pervazgolrang/.vscode-server/extensions/ms-python.python-2020.8.106424/pythonFiles/completion.py:584: DeprecationWarning: Deprecated since version 0.16.0. Use Script(...).get_names instead.
  jedi.api.names(

Error 2020-09-09 05:27:19: stderr jediProxy Error (stderr) /home/pervazgolrang/.vscode-server/extensions/ms-python.python-2020.8.106424/pythonFiles/completion.py:592: DeprecationWarning: Providing the line is now done in the functions themselves like `Script(...).complete(line, column)`
  script = jedi.Script(

Error 2020-09-09 05:27:19: stderr jediProxy Error (stderr) /home/pervazgolrang/.vscode-server/extensions/ms-python.python-2020.8.106424/pythonFiles/completion.py:592: DeprecationWarning: Providing the column is now done in the functions themselves like `Script(...).complete(line, column)`
  script = jedi.Script(
/home/pervazgolrang/.vscode-server/extensions/ms-python.python-2020.8.106424/pythonFiles/completion.py:592: DeprecationWarning: Use the code keyword argument instead.
  script = jedi.Script(
/home/pervazgolrang/.vscode-server/extensions/ms-python.python-2020.8.106424/pythonFiles/completion.py:592: DeprecationWarning: Deprecated since version 0.17.0. Use the project API instead, which means Script(project=Project(dir, sys_path=sys_path)) instead.
  script = jedi.Script(

Error 2020-09-09 05:27:19: stderr jediProxy Error (stderr) /home/pervazgolrang/.vscode-server/extensions/ms-python.python-2020.8.106424/pythonFiles/completion.py:105: DeprecationWarning: Deprecated since version 0.16.0. Use Script(...).get_signatures instead.
  call_signatures = script.call_signatures()

Error 2020-09-09 05:27:19: stderr jediProxy Error (stderr) /home/pervazgolrang/.vscode-server/extensions/ms-python.python-2020.8.106424/pythonFiles/completion.py:230: DeprecationWarning: Deprecated since version 0.16.0. Use Script(...).complete instead.
  completions = script.completions()

Error 2020-09-09 05:27:22: stderr jediProxy Error (stderr) /home/pervazgolrang/.vscode-server/extensions/ms-python.python-2020.8.106424/pythonFiles/completion.py:584: DeprecationWarning: Deprecated since version 0.16.0. Use Script(...).get_names instead.
  jedi.api.names(

Error 2020-09-09 05:27:23: stderr jediProxy Error (stderr) /home/pervazgolrang/.vscode-server/extensions/ms-python.python-2020.8.106424/pythonFiles/completion.py:584: DeprecationWarning: Deprecated since version 0.16.0. Use Script(...).get_names instead.
  jedi.api.names(

Error 2020-09-09 05:27:30: stderr jediProxy Error (stderr) /home/pervazgolrang/.vscode-server/extensions/ms-python.python-2020.8.106424/pythonFiles/completion.py:584: DeprecationWarning: Deprecated since version 0.16.0. Use Script(...).get_names instead.
  jedi.api.names(

Error 2020-09-09 05:27:38: stderr jediProxy Error (stderr) /home/pervazgolrang/.vscode-server/extensions/ms-python.python-2020.8.106424/pythonFiles/completion.py:584: DeprecationWarning: Deprecated since version 0.16.0. Use Script(...).get_names instead.
  jedi.api.names(

Error 2020-09-09 05:27:47: stderr jediProxy Error (stderr) /home/pervazgolrang/.vscode-server/extensions/ms-python.python-2020.8.106424/pythonFiles/completion.py:584: DeprecationWarning: Deprecated since version 0.16.0. Use Script(...).get_names instead.
  jedi.api.names(

Error 2020-09-09 05:28:00: stderr jediProxy Error (stderr) /home/pervazgolrang/.vscode-server/extensions/ms-python.python-2020.8.106424/pythonFiles/completion.py:584: DeprecationWarning: Deprecated since version 0.16.0. Use Script(...).get_names instead.
  jedi.api.names(

Error 2020-09-09 05:28:06: stderr jediProxy Error (stderr) /home/pervazgolrang/.vscode-server/extensions/ms-python.python-2020.8.106424/pythonFiles/completion.py:584: DeprecationWarning: Deprecated since version 0.16.0. Use Script(...).get_names instead.
  jedi.api.names(

Error 2020-09-09 05:28:12: stderr jediProxy Error (stderr) /home/pervazgolrang/.vscode-server/extensions/ms-python.python-2020.8.106424/pythonFiles/completion.py:584: DeprecationWarning: Deprecated since version 0.16.0. Use Script(...).get_names instead.
  jedi.api.names(

Error 2020-09-09 05:28:14: stderr jediProxy Error (stderr) /home/pervazgolrang/.vscode-server/extensions/ms-python.python-2020.8.106424/pythonFiles/completion.py:584: DeprecationWarning: Deprecated since version 0.16.0. Use Script(...).get_names instead.
  jedi.api.names(

Error 2020-09-09 05:28:14: stderr jediProxy Error (stderr) /home/pervazgolrang/.vscode-server/extensions/ms-python.python-2020.8.106424/pythonFiles/completion.py:584: DeprecationWarning: Deprecated since version 0.16.0. Use Script(...).get_names instead.
  jedi.api.names(

Error 2020-09-09 05:28:19: stderr jediProxy Error (stderr) /home/pervazgolrang/.vscode-server/extensions/ms-python.python-2020.8.106424/pythonFiles/completion.py:584: DeprecationWarning: Deprecated since version 0.16.0. Use Script(...).get_names instead.
  jedi.api.names(

Error 2020-09-09 05:28:20: stderr jediProxy Error (stderr) /home/pervazgolrang/.vscode-server/extensions/ms-python.python-2020.8.106424/pythonFiles/completion.py:584: DeprecationWarning: Deprecated since version 0.16.0. Use Script(...).get_names instead.
  jedi.api.names(

Error 2020-09-09 05:28:24: stderr jediProxy Error (stderr) /home/pervazgolrang/.vscode-server/extensions/ms-python.python-2020.8.106424/pythonFiles/completion.py:584: DeprecationWarning: Deprecated since version 0.16.0. Use Script(...).get_names instead.
  jedi.api.names(

Error 2020-09-09 05:28:25: stderr jediProxy Error (stderr) /home/pervazgolrang/.vscode-server/extensions/ms-python.python-2020.8.106424/pythonFiles/completion.py:584: DeprecationWarning: Deprecated since version 0.16.0. Use Script(...).get_names instead.
  jedi.api.names(

Error 2020-09-09 05:28:30: stderr jediProxy Error (stderr) /home/pervazgolrang/.vscode-server/extensions/ms-python.python-2020.8.106424/pythonFiles/completion.py:584: DeprecationWarning: Deprecated since version 0.16.0. Use Script(...).get_names instead.
  jedi.api.names(

Error 2020-09-09 05:28:33: stderr jediProxy Error (stderr) /home/pervazgolrang/.vscode-server/extensions/ms-python.python-2020.8.106424/pythonFiles/completion.py:584: DeprecationWarning: Deprecated since version 0.16.0. Use Script(...).get_names instead.
  jedi.api.names(

Error 2020-09-09 05:28:39: stderr jediProxy Error (stderr) /home/pervazgolrang/.vscode-server/extensions/ms-python.python-2020.8.106424/pythonFiles/completion.py:584: DeprecationWarning: Deprecated since version 0.16.0. Use Script(...).get_names instead.
  jedi.api.names(

Error 2020-09-09 05:28:40: stderr jediProxy Error (stderr) /home/pervazgolrang/.vscode-server/extensions/ms-python.python-2020.8.106424/pythonFiles/completion.py:584: DeprecationWarning: Deprecated since version 0.16.0. Use Script(...).get_names instead.
  jedi.api.names(

Error 2020-09-09 05:28:51: stderr jediProxy Error (stderr) /home/pervazgolrang/.vscode-server/extensions/ms-python.python-2020.8.106424/pythonFiles/completion.py:584: DeprecationWarning: Deprecated since version 0.16.0. Use Script(...).get_names instead.
  jedi.api.names(

Error 2020-09-09 05:28:53: stderr jediProxy Error (stderr) /home/pervazgolrang/.vscode-server/extensions/ms-python.python-2020.8.106424/pythonFiles/completion.py:584: DeprecationWarning: Deprecated since version 0.16.0. Use Script(...).get_names instead.
  jedi.api.names(

Error 2020-09-09 05:29:00: stderr jediProxy Error (stderr) /home/pervazgolrang/.vscode-server/extensions/ms-python.python-2020.8.106424/pythonFiles/completion.py:584: DeprecationWarning: Deprecated since version 0.16.0. Use Script(...).get_names instead.
  jedi.api.names(

Error 2020-09-09 05:29:02: stderr jediProxy Error (stderr) /home/pervazgolrang/.vscode-server/extensions/ms-python.python-2020.8.106424/pythonFiles/completion.py:584: DeprecationWarning: Deprecated since version 0.16.0. Use Script(...).get_names instead.
  jedi.api.names(

Error 2020-09-09 05:29:15: stderr jediProxy Error (stderr) /home/pervazgolrang/.vscode-server/extensions/ms-python.python-2020.8.106424/pythonFiles/completion.py:592: DeprecationWarning: Providing the line is now done in the functions themselves like `Script(...).complete(line, column)`
  script = jedi.Script(

Error 2020-09-09 05:29:15: stderr jediProxy Error (stderr) /home/pervazgolrang/.vscode-server/extensions/ms-python.python-2020.8.106424/pythonFiles/completion.py:592: DeprecationWarning: Providing the column is now done in the functions themselves like `Script(...).complete(line, column)`
  script = jedi.Script(
/home/pervazgolrang/.vscode-server/extensions/ms-python.python-2020.8.106424/pythonFiles/completion.py:592: DeprecationWarning: Use the code keyword argument instead.
  script = jedi.Script(
/home/pervazgolrang/.vscode-server/extensions/ms-python.python-2020.8.106424/pythonFiles/completion.py:592: DeprecationWarning: Deprecated since version 0.17.0. Use the project API instead, which means Script(project=Project(dir, sys_path=sys_path)) instead.
  script = jedi.Script(
/home/pervazgolrang/.vscode-server/extensions/ms-python.python-2020.8.106424/pythonFiles/completion.py:626: DeprecationWarning: Deprecated since version 0.16.0. Use Script(...).infer instead.
  script.goto_definitions(), request["id"]

Error 2020-09-09 05:29:19: stderr jediProxy Error (stderr) /home/pervazgolrang/.vscode-server/extensions/ms-python.python-2020.8.106424/pythonFiles/completion.py:584: DeprecationWarning: Deprecated since version 0.16.0. Use Script(...).get_names instead.
  jedi.api.names(

Error 2020-09-09 05:29:24: stderr jediProxy Error (stderr) /home/pervazgolrang/.vscode-server/extensions/ms-python.python-2020.8.106424/pythonFiles/completion.py:584: DeprecationWarning: Deprecated since version 0.16.0. Use Script(...).get_names instead.
  jedi.api.names(

Error 2020-09-09 05:29:28: stderr jediProxy Error (stderr) /home/pervazgolrang/.vscode-server/extensions/ms-python.python-2020.8.106424/pythonFiles/completion.py:584: DeprecationWarning: Deprecated since version 0.16.0. Use Script(...).get_names instead.
  jedi.api.names(

Error 2020-09-09 05:29:33: stderr jediProxy Error (stderr) /home/pervazgolrang/.vscode-server/extensions/ms-python.python-2020.8.106424/pythonFiles/completion.py:584: DeprecationWarning: Deprecated since version 0.16.0. Use Script(...).get_names instead.
  jedi.api.names(

Error 2020-09-09 05:29:35: stderr jediProxy Error (stderr) /home/pervazgolrang/.vscode-server/extensions/ms-python.python-2020.8.106424/pythonFiles/completion.py:584: DeprecationWarning: Deprecated since version 0.16.0. Use Script(...).get_names instead.
  jedi.api.names(

Error 2020-09-09 05:29:39: stderr jediProxy Error (stderr) /home/pervazgolrang/.vscode-server/extensions/ms-python.python-2020.8.106424/pythonFiles/completion.py:584: DeprecationWarning: Deprecated since version 0.16.0. Use Script(...).get_names instead.
  jedi.api.names(

Error 2020-09-09 05:29:41: stderr jediProxy Error (stderr) /home/pervazgolrang/.vscode-server/extensions/ms-python.python-2020.8.106424/pythonFiles/completion.py:584: DeprecationWarning: Deprecated since version 0.16.0. Use Script(...).get_names instead.
  jedi.api.names(

Error 2020-09-09 05:29:50: stderr jediProxy Error (stderr) /home/pervazgolrang/.vscode-server/extensions/ms-python.python-2020.8.106424/pythonFiles/completion.py:584: DeprecationWarning: Deprecated since version 0.16.0. Use Script(...).get_names instead.
  jedi.api.names(

Error 2020-09-09 05:29:52: stderr jediProxy Error (stderr) /home/pervazgolrang/.vscode-server/extensions/ms-python.python-2020.8.106424/pythonFiles/completion.py:584: DeprecationWarning: Deprecated since version 0.16.0. Use Script(...).get_names instead.
  jedi.api.names(

Error 2020-09-09 05:30:01: stderr jediProxy Error (stderr) /home/pervazgolrang/.vscode-server/extensions/ms-python.python-2020.8.106424/pythonFiles/completion.py:584: DeprecationWarning: Deprecated since version 0.16.0. Use Script(...).get_names instead.
  jedi.api.names(

Error 2020-09-09 05:30:02: stderr jediProxy Error (stderr) /home/pervazgolrang/.vscode-server/extensions/ms-python.python-2020.8.106424/pythonFiles/completion.py:584: DeprecationWarning: Deprecated since version 0.16.0. Use Script(...).get_names instead.
  jedi.api.names(

Error 2020-09-09 05:30:30: stderr jediProxy Error (stderr) /home/pervazgolrang/.vscode-server/extensions/ms-python.python-2020.8.106424/pythonFiles/completion.py:584: DeprecationWarning: Deprecated since version 0.16.0. Use Script(...).get_names instead.
  jedi.api.names(

Error 2020-09-09 05:30:33: stderr jediProxy Error (stderr) /home/pervazgolrang/.vscode-server/extensions/ms-python.python-2020.8.106424/pythonFiles/completion.py:584: DeprecationWarning: Deprecated since version 0.16.0. Use Script(...).get_names instead.
  jedi.api.names(

> /usr/bin/python3 ~/.vscode-server/extensions/ms-python.python-2020.8.106424/pythonFiles/pyvsc-run-isolated.py pylint --disable=all --enable=F,unreachable,duplicate-key,unnecessary-semicolon,global-variable-not-assigned,unused-variable,unused-wildcard-import,binary-op-exception,bad-format-string,anomalous-backslash-in-string,bad-open-mode,E0001,E0011,E0012,E0100,E0101,E0102,E0103,E0104,E0105,E0107,E0108,E0110,E0111,E0112,E0113,E0114,E0115,E0116,E0117,E0118,E0202,E0203,E0211,E0213,E0236,E0237,E0238,E0239,E0240,E0241,E0301,E0302,E0303,E0401,E0402,E0601,E0602,E0603,E0604,E0611,E0632,E0633,E0701,E0702,E0703,E0704,E0710,E0711,E0712,E1003,E1101,E1102,E1111,E1120,E1121,E1123,E1124,E1125,E1126,E1127,E1128,E1129,E1130,E1131,E1132,E1133,E1134,E1135,E1136,E1137,E1138,E1139,E1200,E1201,E1205,E1206,E1300,E1301,E1302,E1303,E1304,E1305,E1306,E1310,E1700,E1701 --msg-template='{line},{column},{category},{symbol}:{msg}' --reports=n --output-format=text ~/Statisk_Nettside/registrering.py
cwd: ~/Statisk_Nettside
> /usr/bin/python3 ~/.vscode-server/extensions/ms-python.python-2020.8.106424/pythonFiles/pyvsc-run-isolated.py pylint --disable=all --enable=F,unreachable,duplicate-key,unnecessary-semicolon,global-variable-not-assigned,unused-variable,unused-wildcard-import,binary-op-exception,bad-format-string,anomalous-backslash-in-string,bad-open-mode,E0001,E0011,E0012,E0100,E0101,E0102,E0103,E0104,E0105,E0107,E0108,E0110,E0111,E0112,E0113,E0114,E0115,E0116,E0117,E0118,E0202,E0203,E0211,E0213,E0236,E0237,E0238,E0239,E0240,E0241,E0301,E0302,E0303,E0401,E0402,E0601,E0602,E0603,E0604,E0611,E0632,E0633,E0701,E0702,E0703,E0704,E0710,E0711,E0712,E1003,E1101,E1102,E1111,E1120,E1121,E1123,E1124,E1125,E1126,E1127,E1128,E1129,E1130,E1131,E1132,E1133,E1134,E1135,E1136,E1137,E1138,E1139,E1200,E1201,E1205,E1206,E1300,E1301,E1302,E1303,E1304,E1305,E1306,E1310,E1700,E1701 --msg-template='{line},{column},{category},{symbol}:{msg}' --reports=n --output-format=text ~/Statisk_Nettside/registrering.py
cwd: ~/Statisk_Nettside
> /usr/bin/python3 ~/.vscode-server/extensions/ms-python.python-2020.8.106424/pythonFiles/pyvsc-run-isolated.py -c "import pylint"
> /usr/bin/python3 ~/.vscode-server/extensions/ms-python.python-2020.8.106424/pythonFiles/pyvsc-run-isolated.py -c "import pylint"
> /usr/bin/python3 ~/.vscode-server/extensions/ms-python.python-2020.8.106424/pythonFiles/pyvsc-run-isolated.py -c "import pylint"
> /usr/bin/python3 ~/.vscode-server/extensions/ms-python.python-2020.8.106424/pythonFiles/pyvsc-run-isolated.py -c "import pylint"

Linter 'pylint' is not installed. Please install it or select another linter".
Error: Module 'pylint' not installed.
Error 2020-09-09 05:30:47: stderr jediProxy Error (stderr) /home/pervazgolrang/.vscode-server/extensions/ms-python.python-2020.8.106424/pythonFiles/completion.py:584: DeprecationWarning: Deprecated since version 0.16.0. Use Script(...).get_names instead.
  jedi.api.names(

> /usr/bin/python3 ~/.vscode-server/extensions/ms-python.python-2020.8.106424/pythonFiles/pyvsc-run-isolated.py pylint --disable=all --enable=F,unreachable,duplicate-key,unnecessary-semicolon,global-variable-not-assigned,unused-variable,unused-wildcard-import,binary-op-exception,bad-format-string,anomalous-backslash-in-string,bad-open-mode,E0001,E0011,E0012,E0100,E0101,E0102,E0103,E0104,E0105,E0107,E0108,E0110,E0111,E0112,E0113,E0114,E0115,E0116,E0117,E0118,E0202,E0203,E0211,E0213,E0236,E0237,E0238,E0239,E0240,E0241,E0301,E0302,E0303,E0401,E0402,E0601,E0602,E0603,E0604,E0611,E0632,E0633,E0701,E0702,E0703,E0704,E0710,E0711,E0712,E1003,E1101,E1102,E1111,E1120,E1121,E1123,E1124,E1125,E1126,E1127,E1128,E1129,E1130,E1131,E1132,E1133,E1134,E1135,E1136,E1137,E1138,E1139,E1200,E1201,E1205,E1206,E1300,E1301,E1302,E1303,E1304,E1305,E1306,E1310,E1700,E1701 --msg-template='{line},{column},{category},{symbol}:{msg}' --reports=n --output-format=text ~/Statisk_Nettside/laan.py
cwd: ~/Statisk_Nettside
> /usr/bin/python3 ~/.vscode-server/extensions/ms-python.python-2020.8.106424/pythonFiles/pyvsc-run-isolated.py pylint --disable=all --enable=F,unreachable,duplicate-key,unnecessary-semicolon,global-variable-not-assigned,unused-variable,unused-wildcard-import,binary-op-exception,bad-format-string,anomalous-backslash-in-string,bad-open-mode,E0001,E0011,E0012,E0100,E0101,E0102,E0103,E0104,E0105,E0107,E0108,E0110,E0111,E0112,E0113,E0114,E0115,E0116,E0117,E0118,E0202,E0203,E0211,E0213,E0236,E0237,E0238,E0239,E0240,E0241,E0301,E0302,E0303,E0401,E0402,E0601,E0602,E0603,E0604,E0611,E0632,E0633,E0701,E0702,E0703,E0704,E0710,E0711,E0712,E1003,E1101,E1102,E1111,E1120,E1121,E1123,E1124,E1125,E1126,E1127,E1128,E1129,E1130,E1131,E1132,E1133,E1134,E1135,E1136,E1137,E1138,E1139,E1200,E1201,E1205,E1206,E1300,E1301,E1302,E1303,E1304,E1305,E1306,E1310,E1700,E1701 --msg-template='{line},{column},{category},{symbol}:{msg}' --reports=n --output-format=text ~/Statisk_Nettside/laan.py
cwd: ~/Statisk_Nettside
> /usr/bin/python3 ~/.vscode-server/extensions/ms-python.python-2020.8.106424/pythonFiles/pyvsc-run-isolated.py -c "import pylint"
> /usr/bin/python3 ~/.vscode-server/extensions/ms-python.python-2020.8.106424/pythonFiles/pyvsc-run-isolated.py -c "import pylint"
> /usr/bin/python3 ~/.vscode-server/extensions/ms-python.python-2020.8.106424/pythonFiles/pyvsc-run-isolated.py -c "import pylint"
> /usr/bin/python3 ~/.vscode-server/extensions/ms-python.python-2020.8.106424/pythonFiles/pyvsc-run-isolated.py -c "import pylint"

Linter 'pylint' is not installed. Please install it or select another linter".
Error: Module 'pylint' not installed.
