Looking for git in: git
Using git 2.25.1 from git
> git rev-parse --git-dir
Open repository: /home/pervazgolrang
> git status -z -u
> git check-ignore -v -z --stdin
> git check-ignore -v -z --stdin
> git symbolic-ref --short HEAD
> git rev-parse master
> git rev-parse --symbolic-full-name master@{u}
> git rev-list --left-right master...refs/remotes/origin/master
> git for-each-ref --sort -committerdate --format %(refname) %(objectname)
> git remote --verbose
> git config --get commit.template
> git show --textconv :Statisk_Nettside/kjonn.py
> git ls-files --stage -- /home/pervazgolrang/Statisk_Nettside/kjonn.py
> git check-ignore -v -z --stdin
> git show --textconv :Statisk_Nettside/MainPage.html
> git ls-files --stage -- /home/pervazgolrang/Statisk_Nettside/MainPage.html
> git cat-file -s 4b490277b1a8bb029cbf04c62ae9478536cde117
> git show --textconv :Statisk_Nettside/Login.html
> git ls-files --stage -- /home/pervazgolrang/Statisk_Nettside/Login.html
> git cat-file -s e69de29bb2d1d6434b8b29ae775ad8c2e48c5391
> git show --textconv :Statisk_Nettside/Konto.html
> git ls-files --stage -- /home/pervazgolrang/Statisk_Nettside/Konto.html
> git cat-file -s e69de29bb2d1d6434b8b29ae775ad8c2e48c5391
> git show --textconv :Statisk_Nettside/Registration.html
> git ls-files --stage -- /home/pervazgolrang/Statisk_Nettside/Registration.html
> git cat-file -s e69de29bb2d1d6434b8b29ae775ad8c2e48c5391
> git show --textconv :Statisk_Nettside/registrering.py
> git ls-files --stage -- /home/pervazgolrang/Statisk_Nettside/registrering.py
> git check-ignore -v -z --stdin
> git show --textconv :Statisk_Nettside/laan.py
> git ls-files --stage -- /home/pervazgolrang/Statisk_Nettside/laan.py
> git check-ignore -v -z --stdin
> git show --textconv :Statisk_Nettside/registrering.py
> git ls-files --stage -- /home/pervazgolrang/Statisk_Nettside/registrering.py
> git show --textconv :Statisk_Nettside/laan.py
> git ls-files --stage -- /home/pervazgolrang/Statisk_Nettside/laan.py
> git show --textconv :Statisk_Nettside/registrering.py
> git ls-files --stage -- /home/pervazgolrang/Statisk_Nettside/registrering.py
> git show --textconv :Statisk_Nettside/Registration.html
> git ls-files --stage -- /home/pervazgolrang/Statisk_Nettside/Registration.html
> git cat-file -s e69de29bb2d1d6434b8b29ae775ad8c2e48c5391
