[2020-08-23 01:44:05.237] [exthost] [info] extension host started
[2020-08-23 01:44:05.303] [exthost] [info] ExtensionService#_doActivateExtension vscode.github-authentication {"startup":false,"extensionId":{"value":"vscode.github-authentication","_lower":"vscode.github-authentication"},"activationEvent":"onAuthenticationRequest:github"}
[2020-08-23 01:44:05.303] [exthost] [info] ExtensionService#loadCommonJSModule file:///home/pervazgolrang/.vscode-server/bin/3dd905126b34dcd4de81fa624eb3a8cbe7485f13/extensions/github-authentication/dist/extension.js
[2020-08-23 01:44:05.316] [exthost] [info] ExtensionService#_doActivateExtension vscode.extension-editing {"startup":false,"extensionId":{"value":"vscode.extension-editing","_lower":"vscode.extension-editing"},"activationEvent":"onLanguage:markdown"}
[2020-08-23 01:44:05.316] [exthost] [info] ExtensionService#loadCommonJSModule file:///home/pervazgolrang/.vscode-server/bin/3dd905126b34dcd4de81fa624eb3a8cbe7485f13/extensions/extension-editing/dist/extensionEditingMain
[2020-08-23 01:44:05.326] [exthost] [info] ExtensionService#_doActivateExtension vscode.markdown-language-features {"startup":false,"extensionId":{"value":"vscode.markdown-language-features","_lower":"vscode.markdown-language-features"},"activationEvent":"onLanguage:markdown"}
[2020-08-23 01:44:05.326] [exthost] [info] ExtensionService#loadCommonJSModule file:///home/pervazgolrang/.vscode-server/bin/3dd905126b34dcd4de81fa624eb3a8cbe7485f13/extensions/markdown-language-features/dist/extension
[2020-08-23 01:44:05.343] [exthost] [info] ExtensionService#_doActivateExtension vscode.debug-auto-launch {"startup":true,"extensionId":{"value":"vscode.debug-auto-launch","_lower":"vscode.debug-auto-launch"},"activationEvent":"*"}
[2020-08-23 01:44:05.343] [exthost] [info] ExtensionService#loadCommonJSModule file:///home/pervazgolrang/.vscode-server/bin/3dd905126b34dcd4de81fa624eb3a8cbe7485f13/extensions/debug-auto-launch/dist/extension
[2020-08-23 01:44:05.345] [exthost] [info] ExtensionService#_doActivateExtension vscode.emmet {"startup":true,"extensionId":{"value":"vscode.emmet","_lower":"vscode.emmet"},"activationEvent":"*"}
[2020-08-23 01:44:05.345] [exthost] [info] ExtensionService#loadCommonJSModule file:///home/pervazgolrang/.vscode-server/bin/3dd905126b34dcd4de81fa624eb3a8cbe7485f13/extensions/emmet/dist/node/emmetNodeMain
[2020-08-23 01:44:05.362] [exthost] [info] ExtensionService#_doActivateExtension vscode.git {"startup":true,"extensionId":{"value":"vscode.github","_lower":"vscode.github"},"activationEvent":"*"}
[2020-08-23 01:44:05.362] [exthost] [info] ExtensionService#loadCommonJSModule file:///home/pervazgolrang/.vscode-server/bin/3dd905126b34dcd4de81fa624eb3a8cbe7485f13/extensions/git/dist/main
[2020-08-23 01:44:05.394] [exthost] [info] ExtensionService#_doActivateExtension vscode.merge-conflict {"startup":true,"extensionId":{"value":"vscode.merge-conflict","_lower":"vscode.merge-conflict"},"activationEvent":"*"}
[2020-08-23 01:44:05.395] [exthost] [info] ExtensionService#loadCommonJSModule file:///home/pervazgolrang/.vscode-server/bin/3dd905126b34dcd4de81fa624eb3a8cbe7485f13/extensions/merge-conflict/dist/mergeConflictMain
[2020-08-23 01:44:05.397] [exthost] [info] ExtensionService#_doActivateExtension vscode.search-result {"startup":true,"extensionId":{"value":"vscode.search-result","_lower":"vscode.search-result"},"activationEvent":"*"}
[2020-08-23 01:44:05.397] [exthost] [info] ExtensionService#loadCommonJSModule file:///home/pervazgolrang/.vscode-server/bin/3dd905126b34dcd4de81fa624eb3a8cbe7485f13/extensions/search-result/dist/extension.js
[2020-08-23 01:44:05.398] [exthost] [info] ExtensionService#_doActivateExtension ms-vscode.cpptools {"startup":true,"extensionId":{"value":"ms-vscode.cpptools","_lower":"ms-vscode.cpptools"},"activationEvent":"*"}
[2020-08-23 01:44:05.398] [exthost] [info] ExtensionService#loadCommonJSModule file:///home/pervazgolrang/.vscode-server/extensions/ms-vscode.cpptools-0.30.0-insiders3/dist/main
[2020-08-23 01:44:05.981] [exthost] [info] ExtensionService#_doActivateExtension vscode.github {"startup":true,"extensionId":{"value":"vscode.github","_lower":"vscode.github"},"activationEvent":"*"}
[2020-08-23 01:44:05.982] [exthost] [info] ExtensionService#loadCommonJSModule file:///home/pervazgolrang/.vscode-server/bin/3dd905126b34dcd4de81fa624eb3a8cbe7485f13/extensions/github/dist/extension.js
[2020-08-23 01:44:05.996] [exthost] [info] eager extensions activated
[2020-08-23 01:44:30.561] [exthost] [error] [ms-vscode.cpptools] provider FAILED
[2020-08-23 01:44:30.561] [exthost] [error] undefined
[2020-08-23 01:44:53.820] [exthost] [error] [ms-vscode.cpptools] provider FAILED
[2020-08-23 01:44:53.820] [exthost] [error] undefined
[2020-08-23 01:44:58.165] [exthost] [error] [ms-vscode.cpptools] provider FAILED
[2020-08-23 01:44:58.165] [exthost] [error] undefined
[2020-08-23 01:45:02.205] [exthost] [error] [ms-vscode.cpptools] provider FAILED
[2020-08-23 01:45:02.205] [exthost] [error] undefined
[2020-08-23 01:45:40.646] [exthost] [error] [ms-vscode.cpptools] provider FAILED
[2020-08-23 01:45:40.646] [exthost] [error] undefined
[2020-08-23 01:45:51.118] [exthost] [error] [ms-vscode.cpptools] provider FAILED
[2020-08-23 01:45:51.118] [exthost] [error] undefined
[2020-08-23 01:46:15.329] [exthost] [error] [ms-vscode.cpptools] provider FAILED
[2020-08-23 01:46:15.329] [exthost] [error] undefined
[2020-08-23 01:46:23.531] [exthost] [error] [ms-vscode.cpptools] provider FAILED
[2020-08-23 01:46:23.531] [exthost] [error] undefined
[2020-08-23 01:46:59.253] [exthost] [error] [ms-vscode.cpptools] provider FAILED
[2020-08-23 01:46:59.253] [exthost] [error] undefined
[2020-08-23 01:47:10.321] [exthost] [error] [ms-vscode.cpptools] provider FAILED
[2020-08-23 01:47:10.321] [exthost] [error] undefined
[2020-08-23 01:49:43.032] [exthost] [error] [ms-vscode.cpptools] provider FAILED
[2020-08-23 01:49:43.032] [exthost] [error] undefined
[2020-08-23 01:50:00.594] [exthost] [error] [ms-vscode.cpptools] provider FAILED
[2020-08-23 01:50:00.594] [exthost] [error] undefined
[2020-08-23 01:53:30.043] [exthost] [error] [ms-vscode.cpptools] provider FAILED
[2020-08-23 01:53:30.043] [exthost] [error] undefined
[2020-08-23 01:53:41.028] [exthost] [error] [ms-vscode.cpptools] provider FAILED
[2020-08-23 01:53:41.028] [exthost] [error] undefined
[2020-08-23 01:54:04.771] [exthost] [error] [ms-vscode.cpptools] provider FAILED
[2020-08-23 01:54:04.771] [exthost] [error] undefined
[2020-08-23 01:54:12.827] [exthost] [error] [ms-vscode.cpptools] provider FAILED
[2020-08-23 01:54:12.827] [exthost] [error] undefined
[2020-08-23 01:55:21.809] [exthost] [error] [ms-vscode.cpptools] provider FAILED
[2020-08-23 01:55:21.809] [exthost] [error] undefined
[2020-08-23 01:55:32.480] [exthost] [error] [ms-vscode.cpptools] provider FAILED
[2020-08-23 01:55:32.480] [exthost] [error] undefined
[2020-08-23 01:57:23.602] [exthost] [error] [ms-vscode.cpptools] provider FAILED
[2020-08-23 01:57:23.602] [exthost] [error] undefined
[2020-08-23 01:57:47.848] [exthost] [error] [ms-vscode.cpptools] provider FAILED
[2020-08-23 01:57:47.848] [exthost] [error] undefined
[2020-08-23 02:01:52.457] [exthost] [error] [ms-vscode.cpptools] provider FAILED
[2020-08-23 02:01:52.457] [exthost] [error] undefined
[2020-08-23 02:01:56.852] [exthost] [error] [ms-vscode.cpptools] provider FAILED
[2020-08-23 02:01:56.852] [exthost] [error] undefined
[2020-08-23 02:03:37.053] [exthost] [error] [ms-vscode.cpptools] provider FAILED
[2020-08-23 02:03:37.053] [exthost] [error] undefined
