[2020-09-08 13:08:38.473] [exthost] [info] extension host started
[2020-09-08 13:08:38.505] [exthost] [info] ExtensionService#_doActivateExtension vscode.github-authentication {"startup":false,"extensionId":{"value":"vscode.github-authentication","_lower":"vscode.github-authentication"},"activationEvent":"onAuthenticationRequest:github"}
[2020-09-08 13:08:38.505] [exthost] [info] ExtensionService#loadCommonJSModule file:///home/pervazgolrang/.vscode-server/bin/a0479759d6e9ea56afa657e454193f72aef85bd0/extensions/github-authentication/dist/extension.js
[2020-09-08 13:08:38.525] [exthost] [info] ExtensionService#_doActivateExtension vscode.debug-auto-launch {"startup":true,"extensionId":{"value":"vscode.debug-auto-launch","_lower":"vscode.debug-auto-launch"},"activationEvent":"*"}
[2020-09-08 13:08:38.525] [exthost] [info] ExtensionService#loadCommonJSModule file:///home/pervazgolrang/.vscode-server/bin/a0479759d6e9ea56afa657e454193f72aef85bd0/extensions/debug-auto-launch/dist/extension
[2020-09-08 13:08:38.528] [exthost] [info] ExtensionService#_doActivateExtension vscode.emmet {"startup":true,"extensionId":{"value":"vscode.emmet","_lower":"vscode.emmet"},"activationEvent":"*"}
[2020-09-08 13:08:38.528] [exthost] [info] ExtensionService#loadCommonJSModule file:///home/pervazgolrang/.vscode-server/bin/a0479759d6e9ea56afa657e454193f72aef85bd0/extensions/emmet/dist/node/emmetNodeMain
[2020-09-08 13:08:38.560] [exthost] [info] ExtensionService#_doActivateExtension vscode.git {"startup":true,"extensionId":{"value":"vscode.github","_lower":"vscode.github"},"activationEvent":"*"}
[2020-09-08 13:08:38.560] [exthost] [info] ExtensionService#loadCommonJSModule file:///home/pervazgolrang/.vscode-server/bin/a0479759d6e9ea56afa657e454193f72aef85bd0/extensions/git/dist/main
[2020-09-08 13:08:38.591] [exthost] [info] ExtensionService#_doActivateExtension vscode.merge-conflict {"startup":true,"extensionId":{"value":"vscode.merge-conflict","_lower":"vscode.merge-conflict"},"activationEvent":"*"}
[2020-09-08 13:08:38.591] [exthost] [info] ExtensionService#loadCommonJSModule file:///home/pervazgolrang/.vscode-server/bin/a0479759d6e9ea56afa657e454193f72aef85bd0/extensions/merge-conflict/dist/mergeConflictMain
[2020-09-08 13:08:38.593] [exthost] [info] ExtensionService#_doActivateExtension vscode.search-result {"startup":true,"extensionId":{"value":"vscode.search-result","_lower":"vscode.search-result"},"activationEvent":"*"}
[2020-09-08 13:08:38.593] [exthost] [info] ExtensionService#loadCommonJSModule file:///home/pervazgolrang/.vscode-server/bin/a0479759d6e9ea56afa657e454193f72aef85bd0/extensions/search-result/dist/extension.js
[2020-09-08 13:08:38.697] [exthost] [info] ExtensionService#_doActivateExtension vscode.github {"startup":true,"extensionId":{"value":"vscode.github","_lower":"vscode.github"},"activationEvent":"*"}
[2020-09-08 13:08:38.697] [exthost] [info] ExtensionService#loadCommonJSModule file:///home/pervazgolrang/.vscode-server/bin/a0479759d6e9ea56afa657e454193f72aef85bd0/extensions/github/dist/extension.js
[2020-09-08 13:08:38.712] [exthost] [info] eager extensions activated
[2020-09-08 13:08:39.281] [exthost] [info] ExtensionService#_doActivateExtension vscode.html-language-features {"startup":false,"extensionId":{"value":"vscode.html-language-features","_lower":"vscode.html-language-features"},"activationEvent":"onLanguage:html"}
[2020-09-08 13:08:39.281] [exthost] [info] ExtensionService#loadCommonJSModule file:///home/pervazgolrang/.vscode-server/bin/a0479759d6e9ea56afa657e454193f72aef85bd0/extensions/html-language-features/client/dist/node/htmlClientMain
[2020-09-08 13:09:07.575] [exthost] [info] ExtensionService#_doActivateExtension vscode.css-language-features {"startup":false,"extensionId":{"value":"vscode.css-language-features","_lower":"vscode.css-language-features"},"activationEvent":"onLanguage:css"}
[2020-09-08 13:09:07.575] [exthost] [info] ExtensionService#loadCommonJSModule file:///home/pervazgolrang/.vscode-server/bin/a0479759d6e9ea56afa657e454193f72aef85bd0/extensions/css-language-features/client/dist/node/cssClientMain
