Looking for git in: git
Using git 2.25.1 from git
> git rev-parse --git-dir
Open repository: /home/pervazgolrang
> git status -z -u
> git symbolic-ref --short HEAD
> git rev-parse master
> git rev-parse --symbolic-full-name master@{u}
> git rev-list --left-right master...refs/remotes/origin/master
> git for-each-ref --sort -committerdate --format %(refname) %(objectname)
> git remote --verbose
> git config --get commit.template
> git check-ignore -v -z --stdin
> git show --textconv :DAT250-Prosjekt/Html/Authentication.html
> git ls-files --stage -- /home/pervazgolrang/DAT250-Prosjekt/Html/Authentication.html
> git cat-file -s e69de29bb2d1d6434b8b29ae775ad8c2e48c5391
> git show --textconv :DAT250-Prosjekt/Html/Betaling.html
> git ls-files --stage -- /home/pervazgolrang/DAT250-Prosjekt/Html/Betaling.html
> git cat-file -s e69de29bb2d1d6434b8b29ae775ad8c2e48c5391
> git show --textconv :DAT250-Prosjekt/Html/Konto.html
> git ls-files --stage -- /home/pervazgolrang/DAT250-Prosjekt/Html/Konto.html
> git cat-file -s e69de29bb2d1d6434b8b29ae775ad8c2e48c5391
> git show --textconv :DAT250-Prosjekt/Html/Login.html
> git ls-files --stage -- /home/pervazgolrang/DAT250-Prosjekt/Html/Login.html
> git cat-file -s e69de29bb2d1d6434b8b29ae775ad8c2e48c5391
> git show --textconv :DAT250-Prosjekt/Html/MainPage.html
> git ls-files --stage -- /home/pervazgolrang/DAT250-Prosjekt/Html/MainPage.html
> git cat-file -s e69de29bb2d1d6434b8b29ae775ad8c2e48c5391
> git show --textconv :DAT250-Prosjekt/Html/Oversikt.html
> git ls-files --stage -- /home/pervazgolrang/DAT250-Prosjekt/Html/Oversikt.html
> git cat-file -s e69de29bb2d1d6434b8b29ae775ad8c2e48c5391
> git show --textconv :DAT250-Prosjekt/Html/Profil.html
> git ls-files --stage -- /home/pervazgolrang/DAT250-Prosjekt/Html/Profil.html
> git cat-file -s e69de29bb2d1d6434b8b29ae775ad8c2e48c5391
> git show --textconv :DAT250-Prosjekt/Html/Support.html
> git ls-files --stage -- /home/pervazgolrang/DAT250-Prosjekt/Html/Support.html
> git cat-file -s e69de29bb2d1d6434b8b29ae775ad8c2e48c5391
> git show --textconv :DAT250-Prosjekt/Html/Konto.html
> git ls-files --stage -- /home/pervazgolrang/DAT250-Prosjekt/Html/Konto.html
> git cat-file -s e69de29bb2d1d6434b8b29ae775ad8c2e48c5391
> git show --textconv :DAT250-Prosjekt/Html/Betaling.html
> git ls-files --stage -- /home/pervazgolrang/DAT250-Prosjekt/Html/Betaling.html
> git cat-file -s e69de29bb2d1d6434b8b29ae775ad8c2e48c5391
> git show --textconv :DAT250-Prosjekt/Html/Authentication.html
> git ls-files --stage -- /home/pervazgolrang/DAT250-Prosjekt/Html/Authentication.html
> git cat-file -s e69de29bb2d1d6434b8b29ae775ad8c2e48c5391
> git show --textconv :DAT250-Prosjekt/Css/styling.css
> git ls-files --stage -- /home/pervazgolrang/DAT250-Prosjekt/Css/styling.css
> git cat-file -s e69de29bb2d1d6434b8b29ae775ad8c2e48c5391
> git show --textconv :DAT250-Prosjekt/Html/Konto.html
> git ls-files --stage -- /home/pervazgolrang/DAT250-Prosjekt/Html/Konto.html
> git cat-file -s e69de29bb2d1d6434b8b29ae775ad8c2e48c5391
> git show --textconv :DAT250-Prosjekt/Html/Betaling.html
> git ls-files --stage -- /home/pervazgolrang/DAT250-Prosjekt/Html/Betaling.html
> git cat-file -s e69de29bb2d1d6434b8b29ae775ad8c2e48c5391
> git show --textconv :DAT250-Prosjekt/Html/Authentication.html
> git ls-files --stage -- /home/pervazgolrang/DAT250-Prosjekt/Html/Authentication.html
> git cat-file -s e69de29bb2d1d6434b8b29ae775ad8c2e48c5391
> git show --textconv :DAT250-Prosjekt/Html/Authentication.html
> git ls-files --stage -- /home/pervazgolrang/DAT250-Prosjekt/Html/Authentication.html
> git cat-file -s e69de29bb2d1d6434b8b29ae775ad8c2e48c5391
